This is pdfTeX, Version 3.14159265-2.6-1.40.15 (MiKTeX 2.9) (preloaded format=pdflatex 2015.4.23)  25 JUN 2015 07:54
entering extended mode
**diplomka.tex
(diplomka.tex
LaTeX2e <2014/05/01>
Babel <3.9l> and hyphenation patterns for 68 languages loaded.
(diplomka.cls

LaTeX Warning: You have requested document class `diplomka',
               but the document class provides `bakalarka'.

Document Class: bakalarka 2005/09/16 v1.4f Standard LaTeX document class
("C:\Program Files (x86)\MiKTeX 2.9\tex\latex\base\size12.clo"
File: size12.clo 2014/09/29 v1.4h Standard LaTeX file (size option)
)
\c@part=\count79
\c@chapter=\count80
\c@section=\count81
\c@subsection=\count82
\c@subsubsection=\count83
\c@paragraph=\count84
\c@subparagraph=\count85
\c@figure=\count86
\c@table=\count87
\abovecaptionskip=\skip41
\belowcaptionskip=\skip42
\bibindent=\dimen102
)
("C:\Program Files (x86)\MiKTeX 2.9\tex\latex\base\inputenc.sty"
Package: inputenc 2015/03/17 v1.2c Input encoding file
\inpenc@prehook=\toks14
\inpenc@posthook=\toks15

("C:\Program Files (x86)\MiKTeX 2.9\tex\latex\base\utf8.def"
File: utf8.def 2014/09/29 v1.1m UTF-8 support for inputenc
Now handling font encoding OML ...
... no UTF-8 mapping file for font encoding OML
Now handling font encoding T1 ...
... processing UTF-8 mapping file for font encoding T1

("C:\Program Files (x86)\MiKTeX 2.9\tex\latex\base\t1enc.dfu"
File: t1enc.dfu 2014/09/29 v1.1m UTF-8 support for inputenc
   defining Unicode char U+00A1 (decimal 161)
   defining Unicode char U+00A3 (decimal 163)
   defining Unicode char U+00AB (decimal 171)
   defining Unicode char U+00BB (decimal 187)
   defining Unicode char U+00BF (decimal 191)
   defining Unicode char U+00C0 (decimal 192)
   defining Unicode char U+00C1 (decimal 193)
   defining Unicode char U+00C2 (decimal 194)
   defining Unicode char U+00C3 (decimal 195)
   defining Unicode char U+00C4 (decimal 196)
   defining Unicode char U+00C5 (decimal 197)
   defining Unicode char U+00C6 (decimal 198)
   defining Unicode char U+00C7 (decimal 199)
   defining Unicode char U+00C8 (decimal 200)
   defining Unicode char U+00C9 (decimal 201)
   defining Unicode char U+00CA (decimal 202)
   defining Unicode char U+00CB (decimal 203)
   defining Unicode char U+00CC (decimal 204)
   defining Unicode char U+00CD (decimal 205)
   defining Unicode char U+00CE (decimal 206)
   defining Unicode char U+00CF (decimal 207)
   defining Unicode char U+00D0 (decimal 208)
   defining Unicode char U+00D1 (decimal 209)
   defining Unicode char U+00D2 (decimal 210)
   defining Unicode char U+00D3 (decimal 211)
   defining Unicode char U+00D4 (decimal 212)
   defining Unicode char U+00D5 (decimal 213)
   defining Unicode char U+00D6 (decimal 214)
   defining Unicode char U+00D8 (decimal 216)
   defining Unicode char U+00D9 (decimal 217)
   defining Unicode char U+00DA (decimal 218)
   defining Unicode char U+00DB (decimal 219)
   defining Unicode char U+00DC (decimal 220)
   defining Unicode char U+00DD (decimal 221)
   defining Unicode char U+00DE (decimal 222)
   defining Unicode char U+00DF (decimal 223)
   defining Unicode char U+00E0 (decimal 224)
   defining Unicode char U+00E1 (decimal 225)
   defining Unicode char U+00E2 (decimal 226)
   defining Unicode char U+00E3 (decimal 227)
   defining Unicode char U+00E4 (decimal 228)
   defining Unicode char U+00E5 (decimal 229)
   defining Unicode char U+00E6 (decimal 230)
   defining Unicode char U+00E7 (decimal 231)
   defining Unicode char U+00E8 (decimal 232)
   defining Unicode char U+00E9 (decimal 233)
   defining Unicode char U+00EA (decimal 234)
   defining Unicode char U+00EB (decimal 235)
   defining Unicode char U+00EC (decimal 236)
   defining Unicode char U+00ED (decimal 237)
   defining Unicode char U+00EE (decimal 238)
   defining Unicode char U+00EF (decimal 239)
   defining Unicode char U+00F0 (decimal 240)
   defining Unicode char U+00F1 (decimal 241)
   defining Unicode char U+00F2 (decimal 242)
   defining Unicode char U+00F3 (decimal 243)
   defining Unicode char U+00F4 (decimal 244)
   defining Unicode char U+00F5 (decimal 245)
   defining Unicode char U+00F6 (decimal 246)
   defining Unicode char U+00F8 (decimal 248)
   defining Unicode char U+00F9 (decimal 249)
   defining Unicode char U+00FA (decimal 250)
   defining Unicode char U+00FB (decimal 251)
   defining Unicode char U+00FC (decimal 252)
   defining Unicode char U+00FD (decimal 253)
   defining Unicode char U+00FE (decimal 254)
   defining Unicode char U+00FF (decimal 255)
   defining Unicode char U+0102 (decimal 258)
   defining Unicode char U+0103 (decimal 259)
   defining Unicode char U+0104 (decimal 260)
   defining Unicode char U+0105 (decimal 261)
   defining Unicode char U+0106 (decimal 262)
   defining Unicode char U+0107 (decimal 263)
   defining Unicode char U+010C (decimal 268)
   defining Unicode char U+010D (decimal 269)
   defining Unicode char U+010E (decimal 270)
   defining Unicode char U+010F (decimal 271)
   defining Unicode char U+0110 (decimal 272)
   defining Unicode char U+0111 (decimal 273)
   defining Unicode char U+0118 (decimal 280)
   defining Unicode char U+0119 (decimal 281)
   defining Unicode char U+011A (decimal 282)
   defining Unicode char U+011B (decimal 283)
   defining Unicode char U+011E (decimal 286)
   defining Unicode char U+011F (decimal 287)
   defining Unicode char U+0130 (decimal 304)
   defining Unicode char U+0131 (decimal 305)
   defining Unicode char U+0132 (decimal 306)
   defining Unicode char U+0133 (decimal 307)
   defining Unicode char U+0139 (decimal 313)
   defining Unicode char U+013A (decimal 314)
   defining Unicode char U+013D (decimal 317)
   defining Unicode char U+013E (decimal 318)
   defining Unicode char U+0141 (decimal 321)
   defining Unicode char U+0142 (decimal 322)
   defining Unicode char U+0143 (decimal 323)
   defining Unicode char U+0144 (decimal 324)
   defining Unicode char U+0147 (decimal 327)
   defining Unicode char U+0148 (decimal 328)
   defining Unicode char U+014A (decimal 330)
   defining Unicode char U+014B (decimal 331)
   defining Unicode char U+0150 (decimal 336)
   defining Unicode char U+0151 (decimal 337)
   defining Unicode char U+0152 (decimal 338)
   defining Unicode char U+0153 (decimal 339)
   defining Unicode char U+0154 (decimal 340)
   defining Unicode char U+0155 (decimal 341)
   defining Unicode char U+0158 (decimal 344)
   defining Unicode char U+0159 (decimal 345)
   defining Unicode char U+015A (decimal 346)
   defining Unicode char U+015B (decimal 347)
   defining Unicode char U+015E (decimal 350)
   defining Unicode char U+015F (decimal 351)
   defining Unicode char U+0160 (decimal 352)
   defining Unicode char U+0161 (decimal 353)
   defining Unicode char U+0162 (decimal 354)
   defining Unicode char U+0163 (decimal 355)
   defining Unicode char U+0164 (decimal 356)
   defining Unicode char U+0165 (decimal 357)
   defining Unicode char U+016E (decimal 366)
   defining Unicode char U+016F (decimal 367)
   defining Unicode char U+0170 (decimal 368)
   defining Unicode char U+0171 (decimal 369)
   defining Unicode char U+0178 (decimal 376)
   defining Unicode char U+0179 (decimal 377)
   defining Unicode char U+017A (decimal 378)
   defining Unicode char U+017B (decimal 379)
   defining Unicode char U+017C (decimal 380)
   defining Unicode char U+017D (decimal 381)
   defining Unicode char U+017E (decimal 382)
   defining Unicode char U+200C (decimal 8204)
   defining Unicode char U+2013 (decimal 8211)
   defining Unicode char U+2014 (decimal 8212)
   defining Unicode char U+2018 (decimal 8216)
   defining Unicode char U+2019 (decimal 8217)
   defining Unicode char U+201A (decimal 8218)
   defining Unicode char U+201C (decimal 8220)
   defining Unicode char U+201D (decimal 8221)
   defining Unicode char U+201E (decimal 8222)
   defining Unicode char U+2030 (decimal 8240)
   defining Unicode char U+2031 (decimal 8241)
   defining Unicode char U+2039 (decimal 8249)
   defining Unicode char U+203A (decimal 8250)
   defining Unicode char U+2423 (decimal 9251)
)
Now handling font encoding OT1 ...
... processing UTF-8 mapping file for font encoding OT1

("C:\Program Files (x86)\MiKTeX 2.9\tex\latex\base\ot1enc.dfu"
File: ot1enc.dfu 2014/09/29 v1.1m UTF-8 support for inputenc
   defining Unicode char U+00A1 (decimal 161)
   defining Unicode char U+00A3 (decimal 163)
   defining Unicode char U+00B8 (decimal 184)
   defining Unicode char U+00BF (decimal 191)
   defining Unicode char U+00C5 (decimal 197)
   defining Unicode char U+00C6 (decimal 198)
   defining Unicode char U+00D8 (decimal 216)
   defining Unicode char U+00DF (decimal 223)
   defining Unicode char U+00E6 (decimal 230)
   defining Unicode char U+00EC (decimal 236)
   defining Unicode char U+00ED (decimal 237)
   defining Unicode char U+00EE (decimal 238)
   defining Unicode char U+00EF (decimal 239)
   defining Unicode char U+00F8 (decimal 248)
   defining Unicode char U+0131 (decimal 305)
   defining Unicode char U+0141 (decimal 321)
   defining Unicode char U+0142 (decimal 322)
   defining Unicode char U+0152 (decimal 338)
   defining Unicode char U+0153 (decimal 339)
   defining Unicode char U+2013 (decimal 8211)
   defining Unicode char U+2014 (decimal 8212)
   defining Unicode char U+2018 (decimal 8216)
   defining Unicode char U+2019 (decimal 8217)
   defining Unicode char U+201C (decimal 8220)
   defining Unicode char U+201D (decimal 8221)
)
Now handling font encoding OMS ...
... processing UTF-8 mapping file for font encoding OMS

("C:\Program Files (x86)\MiKTeX 2.9\tex\latex\base\omsenc.dfu"
File: omsenc.dfu 2014/09/29 v1.1m UTF-8 support for inputenc
   defining Unicode char U+00A7 (decimal 167)
   defining Unicode char U+00B6 (decimal 182)
   defining Unicode char U+00B7 (decimal 183)
   defining Unicode char U+2020 (decimal 8224)
   defining Unicode char U+2021 (decimal 8225)
   defining Unicode char U+2022 (decimal 8226)
)
Now handling font encoding OMX ...
... no UTF-8 mapping file for font encoding OMX
Now handling font encoding U ...
... no UTF-8 mapping file for font encoding U
   defining Unicode char U+00A9 (decimal 169)
   defining Unicode char U+00AA (decimal 170)
   defining Unicode char U+00AE (decimal 174)
   defining Unicode char U+00BA (decimal 186)
   defining Unicode char U+02C6 (decimal 710)
   defining Unicode char U+02DC (decimal 732)
   defining Unicode char U+200C (decimal 8204)
   defining Unicode char U+2026 (decimal 8230)
   defining Unicode char U+2122 (decimal 8482)
   defining Unicode char U+2423 (decimal 9251)
))
("C:\Program Files (x86)\MiKTeX 2.9\tex\latex\babel\babel.sty"
Package: babel 2014/09/25 3.9l The Babel package

*************************************
* Local config file bblopts.cfg used
*
("C:\Program Files (x86)\MiKTeX 2.9\tex\latex\00miktex\bblopts.cfg"
File: bblopts.cfg 2006/07/31 v1.0 MiKTeX 'babel' configuration
)
(C:\Users\vanek2\AppData\Roaming\MiKTeX\2.9\tex\latex\babel-english\english.ldf
Language: english 2012/08/20 v3.3p English support from the babel system
("C:\Program Files (x86)\MiKTeX 2.9\tex\latex\babel\babel.def"
File: babel.def 2014/09/25 3.9l Babel common definitions
\babel@savecnt=\count88
\U@D=\dimen103
)
\l@canadian = a dialect from \language\l@american 
\l@australian = a dialect from \language\l@british 
\l@newzealand = a dialect from \language\l@british 
)
(C:\Users\vanek2\AppData\Roaming\MiKTeX\2.9\tex\latex\babel-czech\czech.ldf
Language: czech 2008/07/06 v3.1a Czech support from the babel system
Package babel Info: Making " an active character on input line 172.
\cs@wordlen=\count89
Package babel Info: Making - an active character on input line 226.
))
("C:\Program Files (x86)\MiKTeX 2.9\tex\latex\multirow\multirow.sty"
\bigstrutjot=\dimen104
)
("C:\Program Files (x86)\MiKTeX 2.9\tex\latex\ae\ae.sty"
Package: ae 2001/02/12 1.3 Almost European Computer Modern

("C:\Program Files (x86)\MiKTeX 2.9\tex\latex\base\fontenc.sty"
Package: fontenc 2005/09/27 v1.99g Standard LaTeX package

("C:\Program Files (x86)\MiKTeX 2.9\tex\latex\base\t1enc.def"
File: t1enc.def 2005/09/27 v1.99g Standard LaTeX file
LaTeX Font Info:    Redeclaring font encoding T1 on input line 48.
)
LaTeX Font Info:    Try loading font information for T1+aer on input line 105.

("C:\Program Files (x86)\MiKTeX 2.9\tex\latex\ae\t1aer.fd"
File: t1aer.fd 1997/11/16 Font definitions for T1/aer.
)))
("C:\Program Files (x86)\MiKTeX 2.9\tex\latex\graphics\color.sty"
Package: color 2014/10/28 v1.1a Standard LaTeX Color (DPC)

("C:\Program Files (x86)\MiKTeX 2.9\tex\latex\00miktex\color.cfg"
File: color.cfg 2007/01/18 v1.5 color configuration of teTeX/TeXLive
)
Package color Info: Driver file: pdftex.def on input line 142.

("C:\Program Files (x86)\MiKTeX 2.9\tex\latex\pdftex-def\pdftex.def"
File: pdftex.def 2011/05/27 v0.06d Graphics/color for pdfTeX

("C:\Program Files (x86)\MiKTeX 2.9\tex\generic\oberdiek\infwarerr.sty"
Package: infwarerr 2010/04/08 v1.3 Providing info/warning/error messages (HO)
)
("C:\Program Files (x86)\MiKTeX 2.9\tex\generic\oberdiek\ltxcmds.sty"
Package: ltxcmds 2011/11/09 v1.22 LaTeX kernel commands for general use (HO)
)
\Gread@gobject=\count90
))
("C:\Program Files (x86)\MiKTeX 2.9\tex\latex\tools\array.sty"
Package: array 2014/10/28 v2.4c Tabular extension package (FMi)
\col@sep=\dimen105
\extrarowheight=\dimen106
\NC@list=\toks16
\extratabsurround=\skip43
\backup@length=\skip44
)
(C:\Users\vanek2\AppData\Roaming\MiKTeX\2.9\tex\latex\caption\caption.sty
Package: caption 2013/05/02 v3.3-89 Customizing captions (AR)

(C:\Users\vanek2\AppData\Roaming\MiKTeX\2.9\tex\latex\caption\caption3.sty
Package: caption3 2013/05/02 v1.6-88 caption3 kernel (AR)
Package caption3 Info: TeX engine: e-TeX on input line 57.

("C:\Program Files (x86)\MiKTeX 2.9\tex\latex\graphics\keyval.sty"
Package: keyval 2014/10/28 v1.15 key=value parser (DPC)
\KV@toks@=\toks17
)
\captionmargin=\dimen107
\captionmargin@=\dimen108
\captionwidth=\dimen109
\caption@tempdima=\dimen110
\caption@indent=\dimen111
\caption@parindent=\dimen112
\caption@hangindent=\dimen113
)
\c@ContinuedFloat=\count91
)
(C:\Users\vanek2\AppData\Roaming\MiKTeX\2.9\tex\latex\listings\listings.sty
\lst@mode=\count92
\lst@gtempboxa=\box26
\lst@token=\toks18
\lst@length=\count93
\lst@currlwidth=\dimen114
\lst@column=\count94
\lst@pos=\count95
\lst@lostspace=\dimen115
\lst@width=\dimen116
\lst@newlines=\count96
\lst@lineno=\count97
\lst@maxwidth=\dimen117

(C:\Users\vanek2\AppData\Roaming\MiKTeX\2.9\tex\latex\listings\lstmisc.sty
File: lstmisc.sty 2014/09/06 1.5e (Carsten Heinz)
\c@lstnumber=\count98
\lst@skipnumbers=\count99
\lst@framebox=\box27
)
(C:\Users\vanek2\AppData\Roaming\MiKTeX\2.9\tex\latex\listings\listings.cfg
File: listings.cfg 2014/09/06 1.5e listings configuration
))
Package: listings 2014/09/06 1.5e (Carsten Heinz)

(C:\Users\vanek2\AppData\Roaming\MiKTeX\2.9\tex\latex\sidecap\sidecap.sty
Package: sidecap 2003/06/06 v1.6f SideCap Package (RN/HjG)

("C:\Program Files (x86)\MiKTeX 2.9\tex\latex\base\ifthen.sty"
Package: ifthen 2014/09/29 v1.1c Standard LaTeX ifthen package (DPC)
)
\SC@BOXWD=\dimen118
\SC@CAPWD=\dimen119
\SC@tempdima=\dimen120
\SC@tempdimb=\dimen121
\c@SC@C=\count100
\SC@BOX=\box28
)
(C:\Users\vanek2\AppData\Roaming\MiKTeX\2.9\tex\latex\fancyhdr\fancyhdr.sty
\fancy@headwidth=\skip45
\f@ncyO@elh=\skip46
\f@ncyO@erh=\skip47
\f@ncyO@olh=\skip48
\f@ncyO@orh=\skip49
\f@ncyO@elf=\skip50
\f@ncyO@erf=\skip51
\f@ncyO@olf=\skip52
\f@ncyO@orf=\skip53
)
("C:\Program Files (x86)\MiKTeX 2.9\tex\latex\hyperref\hyperref.sty"
Package: hyperref 2012/11/06 v6.83m Hypertext links for LaTeX

("C:\Program Files (x86)\MiKTeX 2.9\tex\generic\oberdiek\hobsub-hyperref.sty"
Package: hobsub-hyperref 2012/04/25 v1.12 Bundle oberdiek, subset hyperref (HO)


("C:\Program Files (x86)\MiKTeX 2.9\tex\generic\oberdiek\hobsub-generic.sty"
Package: hobsub-generic 2012/04/25 v1.12 Bundle oberdiek, subset generic (HO)
Package: hobsub 2012/04/25 v1.12 Construct package bundles (HO)
Package hobsub Info: Skipping package `infwarerr' (already loaded).
Package hobsub Info: Skipping package `ltxcmds' (already loaded).
Package: ifluatex 2010/03/01 v1.3 Provides the ifluatex switch (HO)
Package ifluatex Info: LuaTeX not detected.
Package: ifvtex 2010/03/01 v1.5 Detect VTeX and its facilities (HO)
Package ifvtex Info: VTeX not detected.
Package: intcalc 2007/09/27 v1.1 Expandable calculations with integers (HO)
Package: ifpdf 2011/01/30 v2.3 Provides the ifpdf switch (HO)
Package ifpdf Info: pdfTeX in PDF mode is detected.
Package: etexcmds 2011/02/16 v1.5 Avoid name clashes with e-TeX commands (HO)
Package etexcmds Info: Could not find \expanded.
(etexcmds)             That can mean that you are not using pdfTeX 1.50 or
(etexcmds)             that some package has redefined \expanded.
(etexcmds)             In the latter case, load this package earlier.
Package: kvsetkeys 2012/04/25 v1.16 Key value parser (HO)
Package: kvdefinekeys 2011/04/07 v1.3 Define keys (HO)
Package: pdftexcmds 2011/11/29 v0.20 Utility functions of pdfTeX for LuaTeX (HO
)
Package pdftexcmds Info: LuaTeX not detected.
Package pdftexcmds Info: \pdf@primitive is available.
Package pdftexcmds Info: \pdf@ifprimitive is available.
Package pdftexcmds Info: \pdfdraftmode found.
Package: pdfescape 2011/11/25 v1.13 Implements pdfTeX's escape features (HO)
Package: bigintcalc 2012/04/08 v1.3 Expandable calculations on big integers (HO
)
Package: bitset 2011/01/30 v1.1 Handle bit-vector datatype (HO)
Package: uniquecounter 2011/01/30 v1.2 Provide unlimited unique counter (HO)
)
Package hobsub Info: Skipping package `hobsub' (already loaded).
Package: letltxmacro 2010/09/02 v1.4 Let assignment for LaTeX macros (HO)
Package: hopatch 2011/06/24 v1.1 Wrapper for package hooks (HO)
Package: xcolor-patch 2011/01/30 xcolor patch
Package: atveryend 2011/06/30 v1.8 Hooks at the very end of document (HO)
Package atveryend Info: \enddocument detected (standard20110627).
Package: atbegshi 2011/10/05 v1.16 At begin shipout hook (HO)
Package: refcount 2011/10/16 v3.4 Data extraction from label references (HO)
Package: hycolor 2011/01/30 v1.7 Color options for hyperref/bookmark (HO)
)
("C:\Program Files (x86)\MiKTeX 2.9\tex\generic\ifxetex\ifxetex.sty"
Package: ifxetex 2010/09/12 v0.6 Provides ifxetex conditional
)
("C:\Program Files (x86)\MiKTeX 2.9\tex\latex\oberdiek\auxhook.sty"
Package: auxhook 2011/03/04 v1.3 Hooks for auxiliary files (HO)
)
("C:\Program Files (x86)\MiKTeX 2.9\tex\latex\oberdiek\kvoptions.sty"
Package: kvoptions 2011/06/30 v3.11 Key value format for package options (HO)
)
\@linkdim=\dimen122
\Hy@linkcounter=\count101
\Hy@pagecounter=\count102

("C:\Program Files (x86)\MiKTeX 2.9\tex\latex\hyperref\pd1enc.def"
File: pd1enc.def 2012/11/06 v6.83m Hyperref: PDFDocEncoding definition (HO)
Now handling font encoding PD1 ...
... no UTF-8 mapping file for font encoding PD1
)
\Hy@SavedSpaceFactor=\count103

("C:\Program Files (x86)\MiKTeX 2.9\tex\latex\00miktex\hyperref.cfg"
File: hyperref.cfg 2002/06/06 v1.2 hyperref configuration of TeXLive
)
Package hyperref Info: Option `unicode' set `true' on input line 4319.

("C:\Program Files (x86)\MiKTeX 2.9\tex\latex\hyperref\puenc.def"
File: puenc.def 2012/11/06 v6.83m Hyperref: PDF Unicode definition (HO)
Now handling font encoding PU ...
... no UTF-8 mapping file for font encoding PU
)
Package hyperref Info: Hyper figures OFF on input line 4443.
Package hyperref Info: Link nesting OFF on input line 4448.
Package hyperref Info: Hyper index ON on input line 4451.
Package hyperref Info: Plain pages OFF on input line 4458.
Package hyperref Info: Backreferencing OFF on input line 4463.
Package hyperref Info: Implicit mode ON; LaTeX internals redefined.
Package hyperref Info: Bookmarks ON on input line 4688.
\c@Hy@tempcnt=\count104
 (url.sty
\Urlmuskip=\muskip10
Package: url 2004/03/15  ver 3.1  Verb mode for urls, etc.
)
LaTeX Info: Redefining \url on input line 5041.
\XeTeXLinkMargin=\dimen123
\Fld@menulength=\count105
\Field@Width=\dimen124
\Fld@charsize=\dimen125
Package hyperref Info: Hyper figures OFF on input line 6295.
Package hyperref Info: Link nesting OFF on input line 6300.
Package hyperref Info: Hyper index ON on input line 6303.
Package hyperref Info: backreferencing OFF on input line 6310.
Package hyperref Info: Link coloring OFF on input line 6315.
Package hyperref Info: Link coloring with OCG OFF on input line 6320.
Package hyperref Info: PDF/A mode OFF on input line 6325.
LaTeX Info: Redefining \ref on input line 6365.
LaTeX Info: Redefining \pageref on input line 6369.
\Hy@abspage=\count106
\c@Item=\count107
\c@Hfootnote=\count108
)

Package hyperref Message: Driver: hpdftex.

("C:\Program Files (x86)\MiKTeX 2.9\tex\latex\hyperref\hpdftex.def"
File: hpdftex.def 2012/11/06 v6.83m Hyperref driver for pdfTeX
\Fld@listcount=\count109
\c@bookmark@seq@number=\count110

("C:\Program Files (x86)\MiKTeX 2.9\tex\latex\oberdiek\rerunfilecheck.sty"
Package: rerunfilecheck 2011/04/15 v1.7 Rerun checks for auxiliary files (HO)
Package uniquecounter Info: New unique counter `rerunfilecheck' on input line 2
82.
)
\Hy@SectionHShift=\skip54
)
(C:\Users\vanek2\AppData\Roaming\MiKTeX\2.9\tex\latex\tocloft\tocloft.sty
Package: tocloft 2013/05/02 v2.3f parameterised ToC, etc., typesetting
Package tocloft Info: The document has chapter divisions on input line 44.
\cftparskip=\skip55
\cftbeforetoctitleskip=\skip56
\cftaftertoctitleskip=\skip57
\cftbeforepartskip=\skip58
\cftpartnumwidth=\skip59
\cftpartindent=\skip60
\cftbeforechapskip=\skip61
\cftchapindent=\skip62
\cftchapnumwidth=\skip63
\cftbeforesecskip=\skip64
\cftsecindent=\skip65
\cftsecnumwidth=\skip66
\cftbeforesubsecskip=\skip67
\cftsubsecindent=\skip68
\cftsubsecnumwidth=\skip69
\cftbeforesubsubsecskip=\skip70
\cftsubsubsecindent=\skip71
\cftsubsubsecnumwidth=\skip72
\cftbeforeparaskip=\skip73
\cftparaindent=\skip74
\cftparanumwidth=\skip75
\cftbeforesubparaskip=\skip76
\cftsubparaindent=\skip77
\cftsubparanumwidth=\skip78
\cftbeforeloftitleskip=\skip79
\cftafterloftitleskip=\skip80
\cftbeforefigskip=\skip81
\cftfigindent=\skip82
\cftfignumwidth=\skip83
\c@lofdepth=\count111
\c@lotdepth=\count112
\cftbeforelottitleskip=\skip84
\cftafterlottitleskip=\skip85
\cftbeforetabskip=\skip86
\cfttabindent=\skip87
\cfttabnumwidth=\skip88
)
("C:\Program Files (x86)\MiKTeX 2.9\tex\latex\tools\longtable.sty"
Package: longtable 2014/10/28 v4.11 Multi-page Table package (DPC)
\LTleft=\skip89
\LTright=\skip90
\LTpre=\skip91
\LTpost=\skip92
\LTchunksize=\count113
\LTcapwidth=\dimen126
\LT@head=\box29
\LT@firsthead=\box30
\LT@foot=\box31
\LT@lastfoot=\box32
\LT@cols=\count114
\LT@rows=\count115
\c@LT@tables=\count116
\c@LT@chunks=\count117
\LT@p@ftn=\toks19
)
(C:\Users\vanek2\AppData\Roaming\MiKTeX\2.9\tex\latex\glossaries\base\glossarie
s.sty
Package: glossaries 2015/03/16 v4.15 (NLCT)
 ("C:\Program Files (x86)\MiKTeX 2.9\tex\latex\xkeyval\xkeyval.sty"
Package: xkeyval 2014/12/03 v2.7a package option processing (HA)

("C:\Program Files (x86)\MiKTeX 2.9\tex\generic\xkeyval\xkeyval.tex"
("C:\Program Files (x86)\MiKTeX 2.9\tex\generic\xkeyval\xkvutils.tex"
\XKV@toks=\toks20
\XKV@tempa@toks=\toks21
)
\XKV@depth=\count118
File: xkeyval.tex 2014/12/03 v2.7a key=value parser (HA)
))
(C:\Users\vanek2\AppData\Roaming\MiKTeX\2.9\tex\latex\glossaries\base\mfirstuc.
sty
Package: mfirstuc 2015/02/03 v1.10 (NLCT)
 (C:\Users\vanek2\AppData\Roaming\MiKTeX\2.9\tex\latex\etoolbox\etoolbox.sty
Package: etoolbox 2015/03/19 v2.1d e-TeX tools for LaTeX (JAW)
("C:\Program Files (x86)\MiKTeX 2.9\tex\latex\misc\etex.sty"
Package: etex 2015/03/02 v2.1 eTeX basic definition package (PEB,DPC)
\et@xins=\count119
)
\etb@tempcnta=\count120
)
\@glsmfirst=\toks22
\@glsmrest=\toks23
)
(C:\Users\vanek2\AppData\Roaming\MiKTeX\2.9\tex\latex\textcase\textcase.sty
Package: textcase 2004/10/07 v0.07 Text only upper/lower case changing (DPC)
)
(C:\Users\vanek2\AppData\Roaming\MiKTeX\2.9\tex\latex\xfor\xfor.sty
Package: xfor 2009/02/05 v1.05 (NLCT)
)
(C:\Users\vanek2\AppData\Roaming\MiKTeX\2.9\tex\latex\datatool\datatool-base.st
y
Package: datatool-base 2014/06/10 v2.22 (NLCT)
 ("C:\Program Files (x86)\MiKTeX 2.9\tex\latex\amsmath\amsmath.sty"
Package: amsmath 2013/01/14 v2.14 AMS math features
\@mathmargin=\skip93

For additional information on amsmath, use the `?' option.
("C:\Program Files (x86)\MiKTeX 2.9\tex\latex\amsmath\amstext.sty"
Package: amstext 2000/06/29 v2.01

("C:\Program Files (x86)\MiKTeX 2.9\tex\latex\amsmath\amsgen.sty"
File: amsgen.sty 1999/11/30 v2.0
\@emptytoks=\toks24
\ex@=\dimen127
))
("C:\Program Files (x86)\MiKTeX 2.9\tex\latex\amsmath\amsbsy.sty"
Package: amsbsy 1999/11/29 v1.2d
\pmbraise@=\dimen128
)
("C:\Program Files (x86)\MiKTeX 2.9\tex\latex\amsmath\amsopn.sty"
Package: amsopn 1999/12/14 v2.01 operator names
)
\inf@bad=\count121
LaTeX Info: Redefining \frac on input line 210.
\uproot@=\count122
\leftroot@=\count123
LaTeX Info: Redefining \overline on input line 306.
\classnum@=\count124
\DOTSCASE@=\count125
LaTeX Info: Redefining \ldots on input line 378.
LaTeX Info: Redefining \dots on input line 381.
LaTeX Info: Redefining \cdots on input line 466.
\Mathstrutbox@=\box33
\strutbox@=\box34
\big@size=\dimen129
LaTeX Font Info:    Redeclaring font encoding OML on input line 566.
LaTeX Font Info:    Redeclaring font encoding OMS on input line 567.
\macc@depth=\count126
\c@MaxMatrixCols=\count127
\dotsspace@=\muskip11
\c@parentequation=\count128
\dspbrk@lvl=\count129
\tag@help=\toks25
\row@=\count130
\column@=\count131
\maxfields@=\count132
\andhelp@=\toks26
\eqnshift@=\dimen130
\alignsep@=\dimen131
\tagshift@=\dimen132
\tagwidth@=\dimen133
\totwidth@=\dimen134
\lineht@=\dimen135
\@envbody=\toks27
\multlinegap=\skip94
\multlinetaggap=\skip95
\mathdisplay@stack=\toks28
LaTeX Info: Redefining \[ on input line 2665.
LaTeX Info: Redefining \] on input line 2666.
)
(C:\Users\vanek2\AppData\Roaming\MiKTeX\2.9\tex\latex\substr\substr.sty
Package: substr 2009/10/20 v1.2 Handle substrings
\c@su@anzahl=\count133
)
(C:\Users\vanek2\AppData\Roaming\MiKTeX\2.9\tex\latex\datatool\datatool-fp.sty
Package: datatool-fp 2013/08/29 v2.17 (NLCT)

(C:\Users\vanek2\AppData\Roaming\MiKTeX\2.9\tex\latex\fp\fp.sty
Package: fp 1995/04/02

`Fixed Point Package', Version 0.8, April 2, 1995 (C) Michael Mehlich
(C:\Users\vanek2\AppData\Roaming\MiKTeX\2.9\tex\latex\fp\defpattern.sty
Package: defpattern 1994/10/12
\actioncount=\count134
)
(C:\Users\vanek2\AppData\Roaming\MiKTeX\2.9\tex\latex\fp\fp-basic.sty
Package: fp-basic 1996/05/13
\FP@xs=\count135
\FP@xia=\count136
\FP@xib=\count137
\FP@xfa=\count138
\FP@xfb=\count139
\FP@rega=\count140
\FP@regb=\count141
\FP@regs=\count142
\FP@times=\count143
)
(C:\Users\vanek2\AppData\Roaming\MiKTeX\2.9\tex\latex\fp\fp-addons.sty
Package: fp-addons 1995/03/15
)
(C:\Users\vanek2\AppData\Roaming\MiKTeX\2.9\tex\latex\fp\fp-snap.sty
Package: fp-snap 1995/04/05
)
(C:\Users\vanek2\AppData\Roaming\MiKTeX\2.9\tex\latex\fp\fp-exp.sty
Package: fp-exp 1995/04/03
)
(C:\Users\vanek2\AppData\Roaming\MiKTeX\2.9\tex\latex\fp\fp-trigo.sty
Package: fp-trigo 1995/04/14
)
(C:\Users\vanek2\AppData\Roaming\MiKTeX\2.9\tex\latex\fp\fp-pas.sty
Package: fp-pas 1994/08/29
)
(C:\Users\vanek2\AppData\Roaming\MiKTeX\2.9\tex\latex\fp\fp-random.sty
Package: fp-random 1995/02/23
\FPseed=\count144
)
(C:\Users\vanek2\AppData\Roaming\MiKTeX\2.9\tex\latex\fp\fp-eqn.sty
Package: fp-eqn 1995/04/03
)
(C:\Users\vanek2\AppData\Roaming\MiKTeX\2.9\tex\latex\fp\fp-upn.sty
Package: fp-upn 1996/10/21
)
(C:\Users\vanek2\AppData\Roaming\MiKTeX\2.9\tex\latex\fp\fp-eval.sty
Package: fp-eval 1995/04/03
)))
\@dtl@toks=\toks29
\@dtl@tmpcount=\count145
\dtl@tmplength=\skip96
\dtl@sortresult=\count146
\@dtl@numgrpsepcount=\count147
\@dtl@datatype=\count148
\dtl@codeA=\count149
\dtl@codeB=\count150
\@dtl@foreach@level=\count151
)
(C:\Users\vanek2\AppData\Roaming\MiKTeX\2.9\tex\latex\glossaries\base\glossarie
s-compatible-307.sty
Package: glossaries-compatible-307 2013/11/14 v4.0 (NLCT)
) (tracklang.sty
Package: tracklang 2014/11/21 v1.1 (NLCT) Track Languages
 (tracklang.tex))
(C:\Users\vanek2\AppData\Roaming\MiKTeX\2.9\tex\latex\beamer\base\translator\tr
anslator.sty
Package: translator 2010/06/12 ver 1.10

(C:\Users\vanek2\AppData\Roaming\MiKTeX\2.9\tex\latex\beamer\base\translator\tr
anslator-language-mappings.tex))

Package glossaries Warning: No language module detected for `czech'.
(glossaries)                Language modules need to be installed separately.
(glossaries)                Please check on CTAN for a bundle called
(glossaries)                `glossaries-czech' or similar.


Package glossaries Warning: No language module detected for `english'.
(glossaries)                Language modules need to be installed separately.
(glossaries)                Please check on CTAN for a bundle called
(glossaries)                `glossaries-english' or similar.

\gls@level=\count152
\@gls@tmpb=\toks30
\gls@tmplen=\skip97
\glskeylisttok=\toks31
\glslabeltok=\toks32
\glsshorttok=\toks33
\glslongtok=\toks34

(C:\Users\vanek2\AppData\Roaming\MiKTeX\2.9\tex\latex\glossaries\styles\glossar
y-hypernav.sty
Package: glossary-hypernav 2013/11/14 v4.0 (NLCT)
)
(C:\Users\vanek2\AppData\Roaming\MiKTeX\2.9\tex\latex\glossaries\styles\glossar
y-list.sty
Package: glossary-list 2015/02/03 v4.13 (NLCT)
\glslistdottedwidth=\skip98
)
(C:\Users\vanek2\AppData\Roaming\MiKTeX\2.9\tex\latex\glossaries\styles\glossar
y-long.sty
Package: glossary-long 2013/11/14 v4.0 (NLCT)
\glsdescwidth=\skip99
\glspagelistwidth=\skip100
)
(C:\Users\vanek2\AppData\Roaming\MiKTeX\2.9\tex\latex\glossaries\styles\glossar
y-super.sty
Package: glossary-super 2013/11/14 v4.0 (NLCT)

(C:\Users\vanek2\AppData\Roaming\MiKTeX\2.9\tex\latex\supertabular\supertabular
.sty
Package: supertabular 2004/02/20 v4.1e the supertabular environment
\c@tracingst=\count153
\ST@wd=\dimen136
\ST@rightskip=\skip101
\ST@leftskip=\skip102
\ST@parfillskip=\skip103
\ST@pageleft=\dimen137
\ST@headht=\dimen138
\ST@tailht=\dimen139
\ST@pagesofar=\dimen140
\ST@pboxht=\dimen141
\ST@lineht=\dimen142
\ST@stretchht=\dimen143
\ST@prevht=\dimen144
\ST@toadd=\dimen145
\ST@dimen=\dimen146
\ST@pbox=\box35
))
(C:\Users\vanek2\AppData\Roaming\MiKTeX\2.9\tex\latex\glossaries\styles\glossar
y-tree.sty
Package: glossary-tree 2015/02/03 v4.13 (NLCT)
\glstreeindent=\skip104
))
(C:\Users\vanek2\AppData\Roaming\MiKTeX\2.9\tex\latex\natbib\natbib.sty
Package: natbib 2010/09/13 8.31b (PWD, AO)
\bibhang=\skip105
\bibsep=\skip106
LaTeX Info: Redefining \cite on input line 694.
\c@NAT@ctr=\count154
)
\glswrite=\write3
\glo@main@file=\write4
Package glossaries Info: Writing glossary file diplomka.glo on input line 19.

("C:\Program Files (x86)\MiKTeX 2.9\tex\latex\graphics\graphicx.sty"
Package: graphicx 2014/10/28 v1.0g Enhanced LaTeX Graphics (DPC,SPQR)

("C:\Program Files (x86)\MiKTeX 2.9\tex\latex\graphics\graphics.sty"
Package: graphics 2014/10/28 v1.0p Standard LaTeX Graphics (DPC,SPQR)

("C:\Program Files (x86)\MiKTeX 2.9\tex\latex\graphics\trig.sty"
Package: trig 1999/03/16 v1.09 sin cos tan (DPC)
)
("C:\Program Files (x86)\MiKTeX 2.9\tex\latex\00miktex\graphics.cfg"
File: graphics.cfg 2007/01/18 v1.5 graphics configuration of teTeX/TeXLive
)
Package graphics Info: Driver file: pdftex.def on input line 94.
)
\Gin@req@height=\dimen147
\Gin@req@width=\dimen148
)
(diplomka.aux (chapter/acronyms.aux) (chapter/abstract_cz.aux)
(chapter/abstract_en.aux) (chapter/introduction.aux) (chapter/stateofart.aux)
(chapter/practical.aux) (chapter/summary.aux))
LaTeX Font Info:    Checking defaults for OML/cmm/m/it on input line 33.
LaTeX Font Info:    ... okay on input line 33.
LaTeX Font Info:    Checking defaults for T1/cmr/m/n on input line 33.
LaTeX Font Info:    ... okay on input line 33.
LaTeX Font Info:    Checking defaults for OT1/cmr/m/n on input line 33.
LaTeX Font Info:    ... okay on input line 33.
LaTeX Font Info:    Checking defaults for OMS/cmsy/m/n on input line 33.
LaTeX Font Info:    ... okay on input line 33.
LaTeX Font Info:    Checking defaults for OMX/cmex/m/n on input line 33.
LaTeX Font Info:    ... okay on input line 33.
LaTeX Font Info:    Checking defaults for U/cmr/m/n on input line 33.
LaTeX Font Info:    ... okay on input line 33.
LaTeX Font Info:    Checking defaults for PD1/pdf/m/n on input line 33.
LaTeX Font Info:    ... okay on input line 33.
LaTeX Font Info:    Checking defaults for PU/pdf/m/n on input line 33.
LaTeX Font Info:    ... okay on input line 33.

(C:\Users\vanek2\AppData\Roaming\MiKTeX\2.9\tex\context\base\supp-pdf.mkii
[Loading MPS to PDF converter (version 2006.09.02).]
\scratchcounter=\count155
\scratchdimen=\dimen149
\scratchbox=\box36
\nofMPsegments=\count156
\nofMParguments=\count157
\everyMPshowfont=\toks35
\MPscratchCnt=\count158
\MPscratchDim=\dimen150
\MPnumerator=\count159
\makeMPintoPDFobject=\count160
\everyMPtoPDFconversion=\toks36
)
Package caption Info: Begin \AtBeginDocument code.
Package caption Info: hyperref package is loaded.
Package caption Info: listings package is loaded.
Package caption Info: longtable package is loaded.
 (C:\Users\vanek2\AppData\Roaming\MiKTeX\2.9\tex\latex\caption\ltcaption.sty
Package: ltcaption 2013/02/03 v1.3-62 longtable captions (AR)
)
Package caption Info: sidecap package is loaded.
Package caption Info: supertabular package is loaded.
Package caption Info: End \AtBeginDocument code.
\c@lstlisting=\count161

(C:\Users\vanek2\AppData\Roaming\MiKTeX\2.9\tex\latex\ms\ragged2e.sty
Package: ragged2e 2009/05/21 v2.1 ragged2e Package (MS)

(C:\Users\vanek2\AppData\Roaming\MiKTeX\2.9\tex\latex\ms\everysel.sty
Package: everysel 2011/10/28 v1.2 EverySelectfont Package (MS)

ABD: EverySelectfont initializing macros
LaTeX Info: Redefining \selectfont on input line 126.
)
\CenteringLeftskip=\skip107
\RaggedLeftLeftskip=\skip108
\RaggedRightLeftskip=\skip109
\CenteringRightskip=\skip110
\RaggedLeftRightskip=\skip111
\RaggedRightRightskip=\skip112
\CenteringParfillskip=\skip113
\RaggedLeftParfillskip=\skip114
\RaggedRightParfillskip=\skip115
\JustifyingParfillskip=\skip116
\CenteringParindent=\skip117
\RaggedLeftParindent=\skip118
\RaggedRightParindent=\skip119
\JustifyingParindent=\skip120
)
\AtBeginShipoutBox=\box37
Package hyperref Info: Link coloring OFF on input line 33.

("C:\Program Files (x86)\MiKTeX 2.9\tex\latex\hyperref\nameref.sty"
Package: nameref 2012/10/27 v2.43 Cross-referencing by name of section

("C:\Program Files (x86)\MiKTeX 2.9\tex\generic\oberdiek\gettitlestring.sty"
Package: gettitlestring 2010/12/03 v1.4 Cleanup title references (HO)
)
\c@section@level=\count162
)
LaTeX Info: Redefining \ref on input line 33.
LaTeX Info: Redefining \pageref on input line 33.
LaTeX Info: Redefining \nameref on input line 33.

(diplomka.out) (diplomka.out)
\@outlinefile=\write5
 (diplomka.glsdefs)
LaTeX Font Info:    Calculating math sizes for size <16> on input line 41.


LaTeX Font Warning: Font shape `OT1/cmr/m/n' in size <16> not available
(Font)              size <17.28> substituted on input line 41.


LaTeX Font Warning: Font shape `OML/cmm/m/it' in size <16> not available
(Font)              size <17.28> substituted on input line 41.


LaTeX Font Warning: Font shape `OMS/cmsy/m/n' in size <16> not available
(Font)              size <17.28> substituted on input line 41.


LaTeX Font Warning: Font shape `OMX/cmex/m/n' in size <16> not available
(Font)              size <17.28> substituted on input line 41.

[1

{C:/Users/vanek2/AppData/Local/MiKTeX/2.9/pdftex/config/pdftex.map}]
(chapter/acronyms.tex
\@gls@deffile=\write6
)pdfTeX warning (ext4): destination with the same identifier (name{page.1}) has
 been already used, duplicate ignored
<to be read again> 
                   \relax 
l.50 \chapter
             *{Statement} [1



] [2

] (chapter/abstract_cz.tex) [3


]
(chapter/abstract_en.tex) [4



] (diplomka.toc [5

]

Package Fancyhdr Warning: \headheight is too small (12.0pt): 
 Make it at least 14.49998pt.
 We now make it that large for the rest of the document.
 This may cause the page layout to be inconsistent, however.

[6])
\tf@toc=\write7
 [7] (chapter/introduction.tex
Chapter 1.
) [8


] (chapter/stateofart.tex
Chapter 2.

Package hyperref Warning: Token not allowed in a PDF string (Unicode):
(hyperref)                removing `\gls' on input line 3.

<obrazky/ElectrodePositions1020.png, id=408, 606.265pt x 702.625pt>
File: obrazky/ElectrodePositions1020.png Graphic file (type png)

<use obrazky/ElectrodePositions1020.png>
Package pdftex.def Info: obrazky/ElectrodePositions1020.png used on input line 
10.
(pdftex.def)             Requested size: 242.5017pt x 281.04501pt.
 [9



]
LaTeX Font Info:    Try loading font information for OMS+aer on input line 19.

("C:\Program Files (x86)\MiKTeX 2.9\tex\latex\ae\omsaer.fd"
File: omsaer.fd 1999/12/27
)
LaTeX Font Info:    Font shape `OMS/aer/m/n' in size <12> not available
(Font)              Font shape `OMS/cmsy/m/n' tried instead on input line 19.

<obrazky/stages-EDC.jpg, id=429, 579.16376pt x 278.03876pt>
File: obrazky/stages-EDC.jpg Graphic file (type jpg)

<use obrazky/stages-EDC.jpg>
Package pdftex.def Info: obrazky/stages-EDC.jpg used on input line 36.
(pdftex.def)             Requested size: 347.50093pt x 166.82454pt.
 [10 <./obrazky/ElectrodePositions1020.png>]
[11 <./obrazky/stages-EDC.jpg>]
Overfull \hbox (4.79381pt too wide) in paragraph at lines 57--67
 [] 
 []


LaTeX Warning: Float too large for page by 15.19983pt on input line 71.


Package hyperref Warning: Token not allowed in a PDF string (Unicode):
(hyperref)                removing `\gls' on input line 78.

[12] [13] <obrazky/ovation.png, id=504, 916.42375pt x 484.81125pt>
File: obrazky/ovation.png Graphic file (type png)

<use obrazky/ovation.png>
Package pdftex.def Info: obrazky/ovation.png used on input line 86.
(pdftex.def)             Requested size: 394.05453pt x 208.46477pt.

Overfull \hbox (4.05453pt too wide) in paragraph at lines 86--87
 [] 
 []

[14 <./obrazky/ovation.png>] [15]
<obrazky/NIX_scheme.png, id=548, 398.23781pt x 574.39594pt>
File: obrazky/NIX_scheme.png Graphic file (type png)

<use obrazky/NIX_scheme.png>
Package pdftex.def Info: obrazky/NIX_scheme.png used on input line 119.
(pdftex.def)             Requested size: 378.32376pt x 545.67303pt.
 [16] [17 <./obrazky/NIX_scheme.png>] [18]
(C:\Users\vanek2\AppData\Roaming\MiKTeX\2.9\tex\latex\listings\lstlang1.sty
File: lstlang1.sty 2014/09/06 1.5e listings language file
)
(C:\Users\vanek2\AppData\Roaming\MiKTeX\2.9\tex\latex\listings\lstmisc.sty
File: lstmisc.sty 2014/09/06 1.5e (Carsten Heinz)
)
[19]
LaTeX Font Info:    Try loading font information for T1+aett on input line 199.

 ("C:\Program Files (x86)\MiKTeX 2.9\tex\latex\ae\t1aett.fd"
File: t1aett.fd 1997/11/16 Font definitions for T1/aett.
)
<obrazky/recorder.png, id=638, 225.84375pt x 336.50719pt>
File: obrazky/recorder.png Graphic file (type png)

<use obrazky/recorder.png>
Package pdftex.def Info: obrazky/recorder.png used on input line 224.
(pdftex.def)             Requested size: 225.84319pt x 336.50635pt.


LaTeX Warning: `h' float specifier changed to `ht'.

[20] [21 <./obrazky/recorder.png>]
<obrazky/hdf_why.png, id=689, 444.91219pt x 350.05782pt>
File: obrazky/hdf_why.png Graphic file (type png)

<use obrazky/hdf_why.png>
Package pdftex.def Info: obrazky/hdf_why.png used on input line 240.
(pdftex.def)             Requested size: 378.17714pt x 297.55054pt.

<obrazky/H4_szip_size.png, id=698, 225.84375pt x 156.585pt>
File: obrazky/H4_szip_size.png Graphic file (type png)

<use obrazky/H4_szip_size.png>
Package pdftex.def Info: obrazky/H4_szip_size.png used on input line 255.
(pdftex.def)             Requested size: 201.00029pt x 139.3602pt.
 [22 <./obrazky/hdf_why.png>] [23 <./obrazky/H4_szip_size.png>] <obrazky/ontolo
gy.png, id=725, 588.69937pt x 324.46219pt>
File: obrazky/ontology.png Graphic file (type png)

<use obrazky/ontology.png>
Package pdftex.def Info: obrazky/ontology.png used on input line 293.
(pdftex.def)             Requested size: 294.34895pt x 162.23068pt.
 [24 <./obrazky/ontology.png>] [25]
<obrazky/odml_tree.jpg, id=767, 828.09375pt x 462.97969pt>
File: obrazky/odml_tree.jpg Graphic file (type jpg)

<use obrazky/odml_tree.jpg>
Package pdftex.def Info: obrazky/odml_tree.jpg used on input line 323.
(pdftex.def)             Requested size: 331.23163pt x 185.18858pt.


LaTeX Warning: `h' float specifier changed to `ht'.

[26]

LaTeX Font Warning: Font shape `T1/aett/bx/n' undefined
(Font)              using `T1/aett/m/n' instead on input line 342.

[27 <./obrazky/odml_tree.jpg>]) [28] (chapter/practical.tex
Chapter 3.
[29



]
Overfull \hbox (1.88501pt too wide) in paragraph at lines 53--53
[]|\T1/aer/m/n/12 Documentation| 
 []


Overfull \hbox (21.06776pt too wide) in paragraph at lines 53--55
[][]
 []

[30] <obrazky/data.pdf, id=864, 391.4625pt x 461.725pt>
File: obrazky/data.pdf Graphic file (type pdf)
 <use obrazky/data.pdf>
Package pdftex.def Info: obrazky/data.pdf used on input line 65.
(pdftex.def)             Requested size: 199.64322pt x 235.47664pt.

[31 <./obrazky/data.pdf>] [32]
Overfull \hbox (14.6645pt too wide) in alignment at lines 86--93
 [] [] [] [] 
 []


Overfull \hbox (14.6645pt too wide) in alignment at lines 93--100
 [] [] [] [] 
 []


Overfull \hbox (14.6645pt too wide) in alignment at lines 100--102
 [] [] [] [] 
 []


Overfull \hbox (14.6645pt too wide) in alignment at lines 102--104
 [] [] [] [] 
 []


Overfull \hbox (14.6645pt too wide) in alignment at lines 104--125
 [] [] [] [] 
 []


Underfull \vbox (badness 10000) detected at line 125
 []


Overfull \hbox (14.6645pt too wide) in alignment at lines 125--145
 [] [] [] [] 
 []


Overfull \hbox (14.6645pt too wide) in alignment at lines 145--163
 [] [] [] [] 
 []

[33] [34]
Overfull \hbox (14.32584pt too wide) in alignment at lines 174--181
 [] [] [] [] 
 []


Overfull \hbox (14.32584pt too wide) in alignment at lines 181--188
 [] [] [] [] 
 []


Overfull \hbox (14.32584pt too wide) in alignment at lines 188--190
 [] [] [] [] 
 []


Overfull \hbox (14.32584pt too wide) in alignment at lines 190--193
 [] [] [] [] 
 []


Overfull \hbox (14.32584pt too wide) in alignment at lines 193--233
 [] [] [] [] 
 []


Underfull \hbox (badness 10000) in paragraph at lines 234--235
[]|\T1/aer/m/n/12 Developer or de-vel-op-ers
 []


Overfull \hbox (14.32584pt too wide) in alignment at lines 233--247
 [] [] [] [] 
 []

[35] [36] <obrazky/person_vs_mouse.pdf, id=972, 622.325pt x 481.8pt>
File: obrazky/person_vs_mouse.pdf Graphic file (type pdf)

<use obrazky/person_vs_mouse.pdf>
Package pdftex.def Info: obrazky/person_vs_mouse.pdf used on input line 255.
(pdftex.def)             Requested size: 373.39787pt x 289.08221pt.
 [37 <./obrazky/person_vs_mouse.pdf>]
<obrazky/use_case_location.pdf, id=987, 465.84038pt x 395.13623pt>
File: obrazky/use_case_location.pdf Graphic file (type pdf)

<use obrazky/use_case_location.pdf>
Package pdftex.def Info: obrazky/use_case_location.pdf used on input line 273.
(pdftex.def)             Requested size: 232.91962pt x 197.56763pt.
 [38]
<obrazky/use_case_data.pdf, id=1001, 478.00583pt x 400.39587pt>
File: obrazky/use_case_data.pdf Graphic file (type pdf)

<use obrazky/use_case_data.pdf>
Package pdftex.def Info: obrazky/use_case_data.pdf used on input line 293.
(pdftex.def)             Requested size: 239.00232pt x 200.19745pt.

<obrazky/ExportProgramDiagram.pdf, id=1002, 560.8453pt x 423.08063pt>
File: obrazky/ExportProgramDiagram.pdf Graphic file (type pdf)

<use obrazky/ExportProgramDiagram.pdf>
Package pdftex.def Info: obrazky/ExportProgramDiagram.pdf used on input line 30
0.
(pdftex.def)             Requested size: 409.41367pt x 308.84628pt.

Overfull \hbox (19.41367pt too wide) in paragraph at lines 300--301
[][] 
 []


LaTeX Warning: `h' float specifier changed to `ht'.

[39 <./obrazky/use_case_location.pdf>] [40 <./obrazky/use_case_data.pdf> <./obr
azky/ExportProgramDiagram.pdf>]
Chapter 4.
<obrazky/hdf-obj.jpg, id=1058, 420.57124pt x 602.25pt>
File: obrazky/hdf-obj.jpg Graphic file (type jpg)

<use obrazky/hdf-obj.jpg>
Package pdftex.def Info: obrazky/hdf-obj.jpg used on input line 324.
(pdftex.def)             Requested size: 206.08171pt x 295.10507pt.
 [41

]
<obrazky/dataset.jpg, id=1074, 542.025pt x 361.35pt>
File: obrazky/dataset.jpg Graphic file (type jpg)
 <use obrazky/dataset.jpg>
Package pdftex.def Info: obrazky/dataset.jpg used on input line 344.
(pdftex.def)             Requested size: 325.2175pt x 216.81168pt.

<obrazky/dataset-with-att.PNG, id=1077, 401.24907pt x 304.13625pt>
File: obrazky/dataset-with-att.PNG Graphic file (type png)

<use obrazky/dataset-with-att.PNG>
Package pdftex.def Info: obrazky/dataset-with-att.PNG used on input line 351.
(pdftex.def)             Requested size: 280.87242pt x 212.8939pt.


LaTeX Warning: `h' float specifier changed to `ht'.


LaTeX Warning: `h' float specifier changed to `ht'.

<obrazky/datatype.jpg, id=1080, 333.245pt x 286.06876pt>
File: obrazky/datatype.jpg Graphic file (type jpg)

<use obrazky/datatype.jpg>
Package pdftex.def Info: obrazky/datatype.jpg used on input line 361.
(pdftex.def)             Requested size: 233.2699pt x 200.24675pt.


LaTeX Warning: `h' float specifier changed to `ht'.

[42 <./obrazky/hdf-obj.jpg>] [43 <./obrazky/dataset.jpg>] [44 <./obrazky/datase
t-with-att.PNG>] [45 <./obrazky/datatype.jpg>]
<obrazky/data-section.png, id=1131, 127.97812pt x 193.47281pt>
File: obrazky/data-section.png Graphic file (type png)

<use obrazky/data-section.png>
Package pdftex.def Info: obrazky/data-section.png used on input line 427.
(pdftex.def)             Requested size: 102.38261pt x 154.77846pt.

<obrazky/EEGExport.png, id=1136, 535.2497pt x 715.17188pt>
File: obrazky/EEGExport.png Graphic file (type png)

<use obrazky/EEGExport.png>
Package pdftex.def Info: obrazky/EEGExport.png used on input line 441.
(pdftex.def)             Requested size: 401.43628pt x 536.37758pt.

Overfull \hbox (11.43628pt too wide) in paragraph at lines 441--442
[][] 
 []

[46 <./obrazky/data-section.png>] [47 <./obrazky/EEGExport.png>]
<obrazky/HDF5_file.jpg, id=1157, 929.72343pt x 562.35094pt>
File: obrazky/HDF5_file.jpg Graphic file (type jpg)

<use obrazky/HDF5_file.jpg>
Package pdftex.def Info: obrazky/HDF5_file.jpg used on input line 472.
(pdftex.def)             Requested size: 371.88278pt x 224.93639pt.

(C:\Users\vanek2\AppData\Roaming\MiKTeX\2.9\tex\latex\listings\lstlang1.sty
File: lstlang1.sty 2014/09/06 1.5e listings language file
)
[48]
(C:\Users\vanek2\AppData\Roaming\MiKTeX\2.9\tex\latex\listings\lstlang1.sty
File: lstlang1.sty 2014/09/06 1.5e listings language file
)
(C:\Users\vanek2\AppData\Roaming\MiKTeX\2.9\tex\latex\listings\lstmisc.sty
File: lstmisc.sty 2014/09/06 1.5e (Carsten Heinz)
)
[49 <./obrazky/HDF5_file.jpg>]
<obrazky/program_gui2.PNG, id=1196, 528.47438pt x 301.8778pt>
File: obrazky/program_gui2.PNG Graphic file (type png)

<use obrazky/program_gui2.PNG>
Package pdftex.def Info: obrazky/program_gui2.PNG used on input line 546.
(pdftex.def)             Requested size: 369.92953pt x 211.31302pt.


LaTeX Warning: `h' float specifier changed to `ht'.

[50] [51 <./obrazky/program_gui2.PNG>]
Chapter 5.

Overfull \hbox (18.58022pt too wide) in paragraph at lines 574--589
 [][] 
 []

[52

]) [53] [54] (chapter/summary.tex
Chapter 6.
) [55



] (diplomka.lof [56

])
\tf@lof=\write8
 (diplomka.lot [57])
\tf@lot=\write9
 (diplomka.lol
Overfull \hbox (4.31285pt too wide) in paragraph at lines 6--6
 [][] [][]\T1/aer/m/n/12 Saving bi-nary data into the dataset. It saves H5T_IEE
E_F64LE 
 []

)
\tf@lol=\write10
 (diplomka.gls [58] [59


]) (diplomka.bbl [60]
Overfull \hbox (39.05138pt too wide) in paragraph at lines 17--20
\T1/aer/m/n/12 from: $[]$. 
 []


Underfull \hbox (badness 10000) in paragraph at lines 31--34
[]\T1/aer/m/it/12 Neural Elec-tro-Mag-netic On-tol-ogy \T1/aer/m/n/12 [on-
 []


Underfull \hbox (badness 10000) in paragraph at lines 31--34
\T1/aer/m/n/12 line]. 2015. 15.5.2015.  Avail-able from:
 []


Overfull \hbox (1.2759pt too wide) in paragraph at lines 31--34
$[]$\T1/aer/m/n/12 . 
 []


Underfull \hbox (badness 10000) in paragraph at lines 36--39
[]\T1/aer/m/it/12 Open data spec-i-fi-ca-tions and soft-ware for neu-ro-phys-i-

 []


Underfull \hbox (badness 10000) in paragraph at lines 36--39
\T1/aer/m/it/12 ol-ogy \T1/aer/m/n/12 [on-line]. 2011. [cit. 10.5.2015].  Avail
-able from:
 []


Underfull \hbox (badness 10000) in paragraph at lines 41--45
[]\T1/aer/m/it/12 Neuroscience In-for-ma-tion Frame-work Stan-dard on-tol-
 []


Underfull \hbox (badness 10000) in paragraph at lines 41--45
\T1/aer/m/it/12 ogy \T1/aer/m/n/12 [on-line]. 2015. [cit. 10.5.2015].  Avail-ab
le from:
 []


Underfull \hbox (badness 4621) in paragraph at lines 52--55
[]\T1/aer/m/it/12 The Open Bi-o-log-i-cal and Biomed-i-cal On-tolo-gies \T1/aer
/m/n/12 [on-line]. 2015.
 []

[61

]
Underfull \hbox (badness 2865) in paragraph at lines 88--94
\T1/aer/m/n/12 cesses with OBI.  \T1/aer/m/it/12 Jour-nal of Biomed-i-cal Se-ma
n-tics\T1/aer/m/n/12 . 2010, 1,
 []


Underfull \hbox (badness 1199) in paragraph at lines 88--94
\T1/aer/m/n/12 Suppl 1, s. S7.  \T1/aett/m/n/12 10.1186/2041-1480-1-s1-s7\T1/ae
r/m/n/12 .  Avail-able from:
 []


Underfull \hbox (badness 10000) in paragraph at lines 96--99
[]\T1/aer/m/it/12 Computational Neu-ro-science On-tol-ogy \T1/aer/m/n/12 [on-
 []


Underfull \hbox (badness 10000) in paragraph at lines 96--99
\T1/aer/m/n/12 line]. 2013. [cit. 13.6.2015].  Avail-able from:
 []


Underfull \hbox (badness 10000) in paragraph at lines 101--105
[]\T1/aer/m/sc/12 Franc\T1/aer/m/n/12 , Y. L.  \T1/aer/m/it/12 In-tro-duc-tion 
to CNO \T1/aer/m/n/12 [on-
 []


Underfull \hbox (badness 10000) in paragraph at lines 101--105
\T1/aer/m/n/12 line]. 2012. [cit. 15.5.2015].  Avail-able from:
 []


Underfull \hbox (badness 3884) in paragraph at lines 118--126
[]\T1/aer/m/sc/12 Gosink\T1/aer/m/n/12 , L. et al.  HDF5-FastQuery: Ac-cel-er-a
t-ing Com-plex
 []


Underfull \hbox (badness 1292) in paragraph at lines 118--126
\T1/aer/m/n/12 Queries on HDF Datasets us-ing Fast Bitmap In-dices.  In \T1/aer
/m/it/12 18th
 []


Underfull \hbox (badness 6268) in paragraph at lines 118--126
\T1/aer/m/it/12 In-ter-na-tional Con-fer-ence on Sci-en-tific and Sta-tis-ti-ca
l Database
 []


Underfull \hbox (badness 10000) in paragraph at lines 118--126
\T1/aer/m/it/12 Man-age-ment\T1/aer/m/n/12 . In-sti-tute of Elec-tri-cal & Elec
-tron-ics En-gi-neers
 []


Underfull \hbox (badness 10000) in paragraph at lines 118--126
\T1/aer/m/n/12 (IEEE), 2006.  \T1/aett/m/n/12 10.1109/ss-dbm.2006.27\T1/aer/m/n
/12 .  Avail-able from:
 []

[62]
Underfull \hbox (badness 10000) in paragraph at lines 140--142
[]\T1/aer/m/it/12 INCF \T1/aer/m/n/12 [on-line]. 2015. [cit. 4.3.2015].  Avail-
able from:
 []


Underfull \hbox (badness 4699) in paragraph at lines 164--167
[]\T1/aer/m/sc/12 Kemp\T1/aer/m/n/12 , B.  [on-line]. 2014. [cit. 4.5.2015].  A
vail-able from:
 []


Underfull \hbox (badness 7486) in paragraph at lines 169--176
\T1/aer/m/n/12 an EDF alike stan-dard for-mat for the ex-change of phys-i-
 []


Underfull \hbox (badness 6691) in paragraph at lines 169--176
\T1/aer/m/n/12 o-log-i-cal data.  \T1/aer/m/it/12 Clin-i-cal Neu-ro-phys-i-ol-o
gy\T1/aer/m/n/12 . sep 2003, 114, 9,
 []


Underfull \hbox (badness 10000) in paragraph at lines 197--203
[]\T1/aer/m/sc/12 Milham\T1/aer/m/n/12 , M. P.  Open Neu-ro-science So-lu-tions
 for the
 []


Underfull \hbox (badness 3158) in paragraph at lines 197--203
\T1/aer/m/n/12 Connectome-wide As-so-ci-a-tion Era.  \T1/aer/m/it/12 Neu-ron\T1
/aer/m/n/12 . jan 2012, 73, 2,
 []


Underfull \hbox (badness 2384) in paragraph at lines 197--203
\T1/aer/m/n/12 s. 214--218.  \T1/aett/m/n/12 10.1016/j.neuron.2011.11.004\T1/ae
r/m/n/12 .  Avail-able from:
 []


Underfull \hbox (badness 10000) in paragraph at lines 205--207
[]\T1/aer/m/it/12 Neo \T1/aer/m/n/12 [on-line]. 2014. [cit. 03.07.2014].  Avail
-able from:
 []

[63]
Underfull \hbox (badness 10000) in paragraph at lines 218--221
[]\T1/aer/m/it/12 Ontology for Biomed-i-cal In-ves-ti-ga-tions \T1/aer/m/n/12 [
on-
 []


Underfull \hbox (badness 10000) in paragraph at lines 218--221
\T1/aer/m/n/12 line]. 2015. [cit. 13.6.2015].  Avail-able from:
 []


Underfull \hbox (badness 2173) in paragraph at lines 231--233
[]\T1/aer/m/it/12 NIX \T1/aer/m/n/12 [on-line]. 2014. [cit. 03.02.2015]. G-Node
.  Avail-able from:
 []


Underfull \hbox (badness 2173) in paragraph at lines 235--238
[]\T1/aer/m/it/12 NIX \T1/aer/m/n/12 [on-line]. 2014. [cit. 03.02.2015]. G-Node
.  Avail-able from:
 []


Underfull \hbox (badness 4391) in paragraph at lines 245--251
[]\T1/aer/m/sc/12 Poldrack\T1/aer/m/n/12 , R. A.  The fu-ture of fMRI in cog-ni
-tive neu-
 []


Underfull \hbox (badness 10000) in paragraph at lines 245--251
\T1/aer/m/n/12 ro-science.  \T1/aer/m/it/12 Neu-roIm-age\T1/aer/m/n/12 . aug 20
12, 62, 2, s. 1216--1220.
 []


Underfull \hbox (badness 10000) in paragraph at lines 245--251
\T1/aett/m/n/12 10.1016/j.neuroimage.2011.08.007\T1/aer/m/n/12 .  Avail-able fr
om:
 []


Underfull \hbox (badness 10000) in paragraph at lines 269--274
[]\T1/aer/m/sc/12 Smith\T1/aer/m/n/12 , B. et al.  \T1/aer/m/it/12 Genome Biol\
T1/aer/m/n/12 . 2005, 6, 5,
 []


Underfull \hbox (badness 10000) in paragraph at lines 269--274
\T1/aer/m/n/12 s. R46.  \T1/aett/m/n/12 10.1186/gb-2005-6-5-r46\T1/aer/m/n/12 .
  Avail-able from:
 []


Underfull \hbox (badness 10000) in paragraph at lines 276--280
[]\T1/aer/m/sc/12 tbetk\T1/aer/m/n/12 , J.  \T1/aer/m/it/12 EEG-Base SOAP we
b-ser-vices \T1/aer/m/n/12 [on-
 []


Underfull \hbox (badness 10000) in paragraph at lines 276--280
\T1/aer/m/n/12 line]. 2015. [cit. 10.5.2015].  Avail-able from:
 []

[64]
Underfull \hbox (badness 10000) in paragraph at lines 282--287
[]\T1/aer/m/sc/12 tbetk\T1/aer/m/n/12 , J.  \T1/aer/m/it/12 Web-ser-vice WSD
L file \T1/aer/m/n/12 [on-
 []


Underfull \hbox (badness 10000) in paragraph at lines 282--287
\T1/aer/m/n/12 line]. 2015. [cit. 10.5.2015].  Avail-able from:
 []


Overfull \hbox (1.2759pt too wide) in paragraph at lines 282--287
$[]$\T1/aer/m/n/12 . 
 []

) [65]
Appendix A.

Underfull \hbox (badness 10000) in paragraph at lines 141--141
[]|\T1/aer/m/n/12 Phys.
 []


Underfull \hbox (badness 10000) in paragraph at lines 141--141
[]|\T1/aer/m/n/12 Resol./
 []


Underfull \hbox (badness 10000) in paragraph at lines 141--141
[]|\T1/aer/m/n/12 Low
 []


Underfull \hbox (badness 10000) in paragraph at lines 141--141
\T1/aer/m/n/12 Cut-off
 []


Underfull \hbox (badness 10000) in paragraph at lines 141--141
[]|\T1/aer/m/n/12 High
 []


Underfull \hbox (badness 10000) in paragraph at lines 141--141
\T1/aer/m/n/12 Cut-off
 []


Underfull \hbox (badness 10000) in paragraph at lines 141--141
[]|\T1/aer/m/n/12 Notch
 []


Underfull \hbox (badness 10000) in paragraph at lines 141--141
[]|\T1/aer/m/n/12 Series
 []


Underfull \hbox (badness 10000) in paragraph at lines 141--141
\T1/aer/m/n/12 Res.
 []


Overfull \hbox (2.70453pt too wide) in paragraph at lines 141--141
[]|\T1/aer/m/n/12 Gradient| 
 []


Overfull \hbox (8.34955pt too wide) in paragraph at lines 129--142
[] 
 []

[66

] [67] [68]
Appendix B.
<obrazky/odml1.pdf, id=1597, 1154.3125pt x 612.2875pt>
File: obrazky/odml1.pdf Graphic file (type pdf)
 <use obrazky/odml1.pdf>
Package pdftex.def Info: obrazky/odml1.pdf used on input line 190.
(pdftex.def)             Requested size: 461.71683pt x 244.91066pt.

Overfull \hbox (71.71683pt too wide) in paragraph at lines 190--191
 [] 
 []

<obrazky/odml4.pdf, id=1600, 1144.275pt x 341.275pt>
File: obrazky/odml4.pdf Graphic file (type pdf)
 <use obrazky/odml4.pdf>
Package pdftex.def Info: obrazky/odml4.pdf used on input line 194.
(pdftex.def)             Requested size: 457.70189pt x 136.50757pt.

Overfull \hbox (67.70189pt too wide) in paragraph at lines 194--195
 [][] 
 []

<obrazky/odml2.pdf, id=1603, 1234.6125pt x 1234.6125pt>
File: obrazky/odml2.pdf Graphic file (type pdf)

<use obrazky/odml2.pdf>
Package pdftex.def Info: obrazky/odml2.pdf used on input line 202.
(pdftex.def)             Requested size: 432.12085pt x 432.12085pt.

Overfull \hbox (42.12085pt too wide) in paragraph at lines 202--203
 [] 
 []


LaTeX Warning: `h' float specifier changed to `ht'.

<obrazky/odml3.pdf, id=1606, 1144.275pt x 1043.9pt>
File: obrazky/odml3.pdf Graphic file (type pdf)
 <use obrazky/odml3.pdf>
Package pdftex.def Info: obrazky/odml3.pdf used on input line 209.
(pdftex.def)             Requested size: 400.50224pt x 365.37047pt.

Overfull \hbox (10.50224pt too wide) in paragraph at lines 209--210
 [] 
 []


LaTeX Warning: `h' float specifier changed to `ht'.

[69

 <./obrazky/odml1.pdf> <./obrazky/odml4.pdf>] [70 <./obrazky/odml2.pdf>]
[71 <./obrazky/odml3.pdf>]
Appendix C.
<obrazky/meta-scheme.pdf, id=1635, 1154.3125pt x 803.0pt>
File: obrazky/meta-scheme.pdf Graphic file (type pdf)

<use obrazky/meta-scheme.pdf>
Package pdftex.def Info: obrazky/meta-scheme.pdf used on input line 219.
(pdftex.def)             Requested size: 461.71683pt x 321.1943pt.

Overfull \hbox (71.71683pt too wide) in paragraph at lines 219--220
 [] 
 []

[72

 <./obrazky/meta-scheme.pdf>]
Appendix D.
<obrazky/appendix/gui-start.png, id=1648, 530.73282pt x 304.88907pt>
File: obrazky/appendix/gui-start.png Graphic file (type png)

<use obrazky/appendix/gui-start.png>
Package pdftex.def Info: obrazky/appendix/gui-start.png used on input line 248.

(pdftex.def)             Requested size: 398.04863pt x 228.66623pt.

Overfull \hbox (8.04863pt too wide) in paragraph at lines 248--249
 [] 
 []


LaTeX Warning: `h' float specifier changed to `ht'.

[73

] <obrazky/appendix/gui-meta.png, id=1659, 528.47438pt x 303.38344pt>
File: obrazky/appendix/gui-meta.png Graphic file (type png)

<use obrazky/appendix/gui-meta.png>
Package pdftex.def Info: obrazky/appendix/gui-meta.png used on input line 266.
(pdftex.def)             Requested size: 396.35481pt x 227.53702pt.

Overfull \hbox (6.35481pt too wide) in paragraph at lines 266--267
 [] 
 []


LaTeX Warning: `h' float specifier changed to `ht'.

Package atveryend Info: Empty hook `BeforeClearDocument' on input line 272.
[74 <./obrazky/appendix/gui-start.png>] [75 <./obrazky/appendix/gui-meta.png>]
Package atveryend Info: Empty hook `AfterLastShipout' on input line 272.

(diplomka.aux (chapter/acronyms.aux) (chapter/abstract_cz.aux)
(chapter/abstract_en.aux) (chapter/introduction.aux) (chapter/stateofart.aux)
(chapter/practical.aux) (chapter/summary.aux))
Package atveryend Info: Executing hook `AtVeryEndDocument' on input line 272.
Package atveryend Info: Executing hook `AtEndAfterFileList' on input line 272.
Package rerunfilecheck Info: File `diplomka.out' has not changed.
(rerunfilecheck)             Checksum: 85192EEF42E306E5A078BEF66A9A0580;10048.


LaTeX Font Warning: Size substitutions with differences
(Font)              up to 1.28pt have occurred.


LaTeX Font Warning: Some font shapes were not available, defaults substituted.

Package atveryend Info: Empty hook `AtVeryVeryEnd' on input line 272.
 ) 
Here is how much of TeX's memory you used:
 20141 strings out of 493698
 289866 string characters out of 3141991
 466235 words of memory out of 3000000
 22596 multiletter control sequences out of 15000+200000
 60321 words of font info for 119 fonts, out of 3000000 for 9000
 1025 hyphenation exceptions out of 8191
 47i,16n,87p,1839b,1983s stack positions out of 5000i,500n,10000p,200000b,50000s
pdfTeX warning (dest): name{Hfootnote.9} has been referenced but does not exi
st, replaced by a fixed one

pdfTeX warning (dest): name{Hfootnote.8} has been referenced but does not exist
, replaced by a fixed one

<C:/Program Files (x86)/MiKTeX 2.9/fonts/type1/public/amsfonts/cm/cmbx12.pfb><C
:/Program Files (x86)/MiKTeX 2.9/fonts/type1/public/amsfonts/cm/cmcsc10.pfb><C:
/Program Files (x86)/MiKTeX 2.9/fonts/type1/public/amsfonts/cm/cmitt10.pfb><C:/
Program Files (x86)/MiKTeX 2.9/fonts/type1/public/amsfonts/cm/cmmi10.pfb><C:/Pr
ogram Files (x86)/MiKTeX 2.9/fonts/type1/public/amsfonts/cm/cmmi12.pfb><C:/Prog
ram Files (x86)/MiKTeX 2.9/fonts/type1/public/amsfonts/cm/cmr10.pfb><C:/Program
 Files (x86)/MiKTeX 2.9/fonts/type1/public/amsfonts/cm/cmr12.pfb><C:/Program Fi
les (x86)/MiKTeX 2.9/fonts/type1/public/amsfonts/cm/cmr17.pfb><C:/Program Files
 (x86)/MiKTeX 2.9/fonts/type1/public/amsfonts/cm/cmr7.pfb><C:/Program Files (x8
6)/MiKTeX 2.9/fonts/type1/public/amsfonts/cm/cmr8.pfb><C:/Program Files (x86)/M
iKTeX 2.9/fonts/type1/public/amsfonts/cm/cmsy10.pfb><C:/Program Files (x86)/MiK
TeX 2.9/fonts/type1/public/amsfonts/cm/cmti12.pfb><C:/Program Files (x86)/MiKTe
X 2.9/fonts/type1/public/amsfonts/cm/cmtt10.pfb><C:/Program Files (x86)/MiKTeX 
2.9/fonts/type1/public/amsfonts/cm/cmtt12.pfb>
Output written on diplomka.pdf (76 pages, 2196637 bytes).
PDF statistics:
 1805 PDF objects out of 2073 (max. 8388607)
 426 named destinations out of 1000 (max. 500000)
 682 words of extra memory for PDF output out of 10000 (max. 10000000)

