\BOOKMARK [0][-]{chapter.1}{\376\377\000I\000n\000t\000r\000o\000d\000u\000c\000t\000i\000o\000n}{}% 1
\BOOKMARK [0][-]{chapter.2}{\376\377\000S\000t\000a\000t\000e\000\040\000o\000f\000\040\000t\000h\000e\000\040\000A\000r\000t}{}% 2
\BOOKMARK [1][-]{section.2.1}{\376\377\000e\000e\000g}{chapter.2}% 3
\BOOKMARK [1][-]{section.2.2}{\376\377\000D\000a\000t\000a\000\040\000S\000h\000a\000r\000i\000n\000g}{chapter.2}% 4
\BOOKMARK [1][-]{section.2.3}{\376\377\000P\000r\000o\000g\000r\000a\000m\000\040\000o\000n\000\040\000S\000t\000a\000n\000d\000a\000r\000d\000s\000\040\000f\000o\000r\000\040\000D\000a\000t\000a\000\040\000S\000h\000a\000r\000i\000n\000g}{chapter.2}% 5
\BOOKMARK [1][-]{section.2.4}{\376\377\000P\000r\000e\000s\000e\000n\000t\000\040\000f\000o\000r\000m\000a\000t\000s\000\040\000f\000o\000r\000\040\000S\000t\000o\000r\000i\000n\000g\000\040\000e\000e\000g\000\040\000D\000a\000t\000a}{chapter.2}% 6
\BOOKMARK [2][-]{subsection.2.4.1}{\376\377\000O\000v\000a\000t\000i\000o\000n}{section.2.4}% 7
\BOOKMARK [2][-]{subsection.2.4.2}{\376\377\000E\000u\000r\000o\000p\000e\000a\000n\000\040\000D\000a\000t\000a\000\040\000F\000o\000r\000m\000a\000t}{section.2.4}% 8
\BOOKMARK [2][-]{subsection.2.4.3}{\376\377\000N\000e\000X\000u\000s\000\040\000F\000o\000r\000m\000a\000t}{section.2.4}% 9
\BOOKMARK [2][-]{subsection.2.4.4}{\376\377\000N\000E\000O}{section.2.4}% 10
\BOOKMARK [2][-]{subsection.2.4.5}{\376\377\000N\000e\000u\000r\000o\000H\000D\000F}{section.2.4}% 11
\BOOKMARK [2][-]{subsection.2.4.6}{\376\377\000N\000I\000X}{section.2.4}% 12
\BOOKMARK [2][-]{subsection.2.4.7}{\376\377\000e\000p\000H\000D\000F}{section.2.4}% 13
\BOOKMARK [2][-]{subsection.2.4.8}{\376\377\000B\000r\000a\000i\000n\000\040\000V\000i\000s\000i\000o\000n\000\040\000F\000o\000r\000m\000a\000t}{section.2.4}% 14
\BOOKMARK [1][-]{section.2.5}{\376\377\000H\000i\000e\000r\000a\000r\000c\000h\000i\000c\000a\000l\000\040\000D\000a\000t\000a\000\040\000F\000o\000r\000m\000a\000t}{chapter.2}% 15
\BOOKMARK [1][-]{section.2.6}{\376\377\000O\000n\000t\000o\000l\000o\000g\000i\000e\000s}{chapter.2}% 16
\BOOKMARK [2][-]{subsection.2.6.1}{\376\377\000N\000e\000u\000r\000a\000l\000\040\000E\000l\000e\000c\000t\000r\000o\000M\000a\000g\000n\000e\000t\000i\000c\000\040\000O\000n\000t\000o\000l\000o\000g\000y}{section.2.6}% 17
\BOOKMARK [2][-]{subsection.2.6.2}{\376\377\000G\000e\000n\000e\000\040\000O\000n\000t\000o\000l\000o\000g\000y}{section.2.6}% 18
\BOOKMARK [2][-]{subsection.2.6.3}{\376\377\000P\000h\000e\000n\000o\000t\000y\000p\000e\000\040\000A\000n\000d\000\040\000T\000r\000a\000i\000t\000\040\000O\000n\000t\000o\000l\000o\000g\000y}{section.2.6}% 19
\BOOKMARK [2][-]{subsection.2.6.4}{\376\377\000T\000h\000e\000\040\000O\000p\000e\000n\000\040\000B\000i\000o\000m\000e\000d\000i\000c\000a\000l\000\040\000O\000n\000t\000o\000l\000o\000g\000i\000e\000s\000\040\000F\000o\000u\000n\000d\000r\000y}{section.2.6}% 20
\BOOKMARK [2][-]{subsection.2.6.5}{\376\377\000O\000B\000O\000\040\000R\000e\000l\000a\000t\000i\000o\000n\000s\000\040\000O\000n\000t\000o\000l\000o\000g\000y}{section.2.6}% 21
\BOOKMARK [2][-]{subsection.2.6.6}{\376\377\000N\000I\000F\000S\000T\000D}{section.2.6}% 22
\BOOKMARK [2][-]{subsection.2.6.7}{\376\377\000B\000a\000s\000i\000c\000\040\000F\000o\000r\000m\000a\000l\000\040\000O\000n\000t\000o\000l\000o\000g\000y}{section.2.6}% 23
\BOOKMARK [2][-]{subsection.2.6.8}{\376\377\000C\000o\000m\000p\000u\000t\000a\000t\000i\000o\000n\000a\000l\000\040\000N\000e\000u\000r\000o\000s\000c\000i\000e\000n\000c\000e\000\040\000O\000n\000t\000o\000l\000o\000g\000y}{section.2.6}% 24
\BOOKMARK [2][-]{subsection.2.6.9}{\376\377\000O\000n\000t\000o\000l\000o\000g\000y\000\040\000f\000o\000r\000\040\000B\000i\000o\000m\000e\000d\000i\000c\000a\000l\000\040\000I\000n\000v\000e\000s\000t\000i\000g\000a\000t\000i\000o\000n\000s}{section.2.6}% 25
\BOOKMARK [1][-]{section.2.7}{\376\377\000O\000p\000e\000n\000\040\000M\000e\000t\000a\000d\000a\000t\000a\000\040\000M\000a\000r\000k\000u\000p\000\040\000L\000a\000n\000g\000u\000a\000g\000e}{chapter.2}% 26
\BOOKMARK [0][-]{chapter.3}{\376\377\000A\000n\000a\000l\000y\000s\000i\000s\000\040\000a\000n\000d\000\040\000D\000e\000s\000i\000g\000n}{}% 27
\BOOKMARK [1][-]{section.3.1}{\376\377\000C\000u\000r\000r\000e\000n\000t\000\040\000F\000o\000r\000m\000a\000t\000s\000\040\000C\000o\000m\000p\000a\000r\000i\000s\000o\000n}{chapter.3}% 28
\BOOKMARK [1][-]{section.3.2}{\376\377\000D\000a\000t\000a\000\040\000M\000o\000d\000e\000l}{chapter.3}% 29
\BOOKMARK [1][-]{section.3.3}{\376\377\000M\000o\000d\000e\000l\000\040\000O\000n\000t\000o\000l\000o\000g\000y}{chapter.3}% 30
\BOOKMARK [2][-]{subsection.3.3.1}{\376\377\000D\000a\000t\000a\000\040\000P\000a\000r\000t}{section.3.3}% 31
\BOOKMARK [2][-]{subsection.3.3.2}{\376\377\000M\000e\000t\000a\000d\000a\000t\000a\000\040\000P\000a\000r\000t\000\040\000-\000\040\000o\000d\000M\000L}{section.3.3}% 32
\BOOKMARK [2][-]{subsection.3.3.3}{\376\377\000U\000W\000B\000\040\000M\000e\000t\000a\000d\000a\000t\000a\000\040\000M\000o\000d\000e\000l}{section.3.3}% 33
\BOOKMARK [2][-]{subsection.3.3.4}{\376\377\000N\000I\000X\000\040\000M\000e\000t\000a\000d\000a\000t\000a\000\040\000M\000o\000d\000e\000l}{section.3.3}% 34
\BOOKMARK [2][-]{subsection.3.3.5}{\376\377\000M\000e\000t\000a\000d\000a\000t\000a\000\040\000T\000e\000r\000m\000i\000n\000o\000l\000o\000g\000y\000\040\000E\000x\000t\000e\000n\000s\000i\000o\000n\000s}{section.3.3}% 35
\BOOKMARK [2][-]{subsection.3.3.6}{\376\377\000E\000E\000G\000B\000a\000s\000e\000\040\000M\000e\000t\000a\000d\000a\000t\000a\000\040\000M\000o\000d\000e\000l}{section.3.3}% 36
\BOOKMARK [1][-]{section.3.4}{\376\377\000H\000D\000F\000E\000x\000p\000o\000r\000t\000\040\000P\000r\000o\000g\000r\000a\000m}{chapter.3}% 37
\BOOKMARK [2][-]{subsection.3.4.1}{\376\377\000P\000r\000o\000g\000r\000a\000m\000\040\000S\000p\000e\000c\000i\000f\000i\000c\000a\000t\000i\000o\000n}{section.3.4}% 38
\BOOKMARK [2][-]{subsection.3.4.2}{\376\377\000A\000r\000c\000h\000i\000t\000e\000c\000t\000u\000r\000e}{section.3.4}% 39
\BOOKMARK [0][-]{chapter.4}{\376\377\000I\000m\000p\000l\000e\000m\000e\000n\000t\000a\000t\000i\000o\000n}{}% 40
\BOOKMARK [1][-]{section.4.1}{\376\377\000H\000D\000F\000\040\000L\000i\000b\000r\000a\000r\000i\000e\000s}{chapter.4}% 41
\BOOKMARK [1][-]{section.4.2}{\376\377\000U\000s\000e\000d\000\040\000H\000D\000F\0005\000\040\000D\000a\000t\000a\000\040\000T\000y\000p\000e\000s}{chapter.4}% 42
\BOOKMARK [1][-]{section.4.3}{\376\377\000E\000E\000G\000B\000a\000s\000e\000\040\000F\000i\000l\000e\000\040\000S\000t\000r\000u\000c\000t\000u\000r\000e}{chapter.4}% 43
\BOOKMARK [1][-]{section.4.4}{\376\377\000H\000D\000F\000E\000x\000p\000o\000r\000t\000\040\000P\000r\000o\000g\000r\000a\000m\000\040\000M\000o\000d\000u\000l\000e\000s}{chapter.4}% 44
\BOOKMARK [2][-]{subsection.4.4.1}{\376\377\000B\000r\000a\000i\000n\000\040\000V\000i\000s\000i\000o\000n\000\040\000F\000i\000l\000e\000s\000\040\000P\000a\000r\000s\000e\000r}{section.4.4}% 45
\BOOKMARK [2][-]{subsection.4.4.2}{\376\377\000M\000e\000t\000a\000d\000a\000t\000a\000\040\000L\000o\000a\000d\000e\000r}{section.4.4}% 46
\BOOKMARK [2][-]{subsection.4.4.3}{\376\377\000H\000D\000F\0005\000\040\000W\000r\000i\000t\000e\000r}{section.4.4}% 47
\BOOKMARK [2][-]{subsection.4.4.4}{\376\377\000G\000r\000a\000p\000h\000i\000c\000a\000l\000\040\000U\000s\000e\000r\000\040\000I\000n\000t\000e\000r\000f\000a\000c\000e}{section.4.4}% 48
\BOOKMARK [1][-]{section.4.5}{\376\377\000E\000E\000G\000B\000a\000s\000e\000\040\000P\000o\000r\000t\000a\000l\000\040\000I\000n\000t\000e\000g\000r\000a\000t\000i\000o\000n}{chapter.4}% 49
\BOOKMARK [0][-]{chapter.5}{\376\377\000T\000e\000s\000t\000s}{}% 50
\BOOKMARK [1][-]{section.5.1}{\376\377\000P\000e\000r\000f\000o\000r\000m\000a\000n\000c\000e\000\040\000T\000e\000s\000t\000s}{chapter.5}% 51
\BOOKMARK [1][-]{section.5.2}{\376\377\000F\000i\000l\000e\000\040\000S\000i\000z\000e\000\040\000T\000e\000s\000t}{chapter.5}% 52
\BOOKMARK [0][-]{chapter.6}{\376\377\000E\000v\000a\000l\000u\000a\000t\000i\000o\000n\000\040\000a\000n\000d\000\040\000S\000u\000m\000m\000a\000r\000y}{}% 53
\BOOKMARK [0][-]{section*.34}{\376\377\000L\000i\000s\000t\000\040\000o\000f\000\040\000F\000i\000g\000u\000r\000e\000s}{}% 54
\BOOKMARK [0][-]{section*.35}{\376\377\000L\000i\000s\000t\000\040\000o\000f\000\040\000T\000a\000b\000l\000e\000s}{}% 55
\BOOKMARK [0][-]{section*.36}{\376\377\000L\000i\000s\000t\000\040\000o\000f\000\040\000L\000i\000s\000t\000i\000n\000g\000s}{}% 56
\BOOKMARK [0][-]{section*.37}{\376\377\000A\000c\000r\000o\000n\000y\000m\000s}{}% 57
\BOOKMARK [0][-]{section*.40}{\376\377\000B\000i\000b\000l\000i\000o\000g\000r\000a\000p\000h\000y}{}% 58
\BOOKMARK [0][-]{chapter*.41}{\376\377\000A\000t\000t\000a\000c\000h\000m\000e\000n\000t\000s}{}% 59
\BOOKMARK [0][-]{appendix.A}{\376\377\000B\000r\000a\000i\000n\000\040\000V\000i\000s\000i\000o\000n\000\040\000F\000i\000l\000e\000s\000\040\000E\000x\000a\000m\000p\000l\000e\000s}{}% 60
\BOOKMARK [0][-]{appendix.B}{\376\377\000M\000e\000t\000a\000d\000a\000t\000a\000\040\000T\000e\000r\000m\000i\000n\000o\000l\000o\000g\000y}{}% 61
\BOOKMARK [0][-]{appendix.C}{\376\377\000M\000e\000t\000a\000d\000a\000t\000a\000\040\000S\000c\000h\000e\000m\000e}{}% 62
\BOOKMARK [0][-]{appendix.D}{\376\377\000E\000x\000p\000o\000r\000t\000\040\000P\000r\000o\000g\000r\000a\000m\000\040\000U\000s\000e\000r\000\040\000M\000a\000n\000u\000a\000l}{}% 63
\BOOKMARK [1][-]{section.D.1}{\376\377\000I\000n\000s\000t\000a\000l\000l\000a\000t\000i\000o\000n}{appendix.D}% 64
\BOOKMARK [1][-]{section.D.2}{\376\377\000D\000a\000t\000a\000\040\000E\000x\000p\000o\000r\000t}{appendix.D}% 65
\BOOKMARK [1][-]{section.D.3}{\376\377\000M\000e\000t\000a\000d\000a\000t\000a\000\040\000E\000x\000p\000o\000r\000t}{appendix.D}% 66
\BOOKMARK [1][-]{section.D.4}{\376\377\000C\000o\000m\000p\000r\000e\000s\000s\000i\000o\000n}{appendix.D}% 67
