This is pdfTeX, Version 3.14159265-2.6-1.40.16 (MiKTeX 2.9) (preloaded format=pdflatex 2015.7.16)  27 SEP 2015 12:10
entering extended mode
**bare_conf.tex
(bare_conf.tex
LaTeX2e <2015/01/01> patch level 2
Babel <3.9l> and hyphenation patterns for 69 languages loaded.
(IEEEtran.cls
Document Class: IEEEtran 2012/11/21 V1.8c by Harald Hanche-Olsen and Anders Chr
istensen
-- Based on V1.7a by Michael Shell
-- See the "IEEEtran_HOWTO" manual for usage information.
-- http://www.michaelshell.org/tex/ieeetran/
\@IEEEtrantmpdimenA=\dimen102
\@IEEEtrantmpdimenB=\dimen103
\@IEEEtrantmpcountA=\count79
\@IEEEtrantmpcountB=\count80
\@IEEEtrantmptoksA=\toks14
LaTeX Font Info:    Try loading font information for OT1+ptm on input line 373.

("C:\Program Files (x86)\MiKTeX 2.9\tex\latex\psnfss\ot1ptm.fd"
File: ot1ptm.fd 2001/06/04 font definitions for OT1/ptm.
)
-- Using 8.5in x 11in (letter) paper.
-- Using PDF output.
\@IEEEnormalsizeunitybaselineskip=\dimen104
-- This is a 10 point document.
\CLASSINFOnormalsizebaselineskip=\dimen105
\CLASSINFOnormalsizeunitybaselineskip=\dimen106
\IEEEnormaljot=\dimen107
LaTeX Font Info:    Font shape `OT1/ptm/bx/n' in size <5> not available
(Font)              Font shape `OT1/ptm/b/n' tried instead on input line 731.
LaTeX Font Info:    Font shape `OT1/ptm/bx/it' in size <5> not available
(Font)              Font shape `OT1/ptm/b/it' tried instead on input line 731.
LaTeX Font Info:    Font shape `OT1/ptm/bx/n' in size <7> not available
(Font)              Font shape `OT1/ptm/b/n' tried instead on input line 731.
LaTeX Font Info:    Font shape `OT1/ptm/bx/it' in size <7> not available
(Font)              Font shape `OT1/ptm/b/it' tried instead on input line 731.
LaTeX Font Info:    Font shape `OT1/ptm/bx/n' in size <8> not available
(Font)              Font shape `OT1/ptm/b/n' tried instead on input line 731.
LaTeX Font Info:    Font shape `OT1/ptm/bx/it' in size <8> not available
(Font)              Font shape `OT1/ptm/b/it' tried instead on input line 731.
LaTeX Font Info:    Font shape `OT1/ptm/bx/n' in size <9> not available
(Font)              Font shape `OT1/ptm/b/n' tried instead on input line 731.
LaTeX Font Info:    Font shape `OT1/ptm/bx/it' in size <9> not available
(Font)              Font shape `OT1/ptm/b/it' tried instead on input line 731.
LaTeX Font Info:    Font shape `OT1/ptm/bx/n' in size <10> not available
(Font)              Font shape `OT1/ptm/b/n' tried instead on input line 731.
LaTeX Font Info:    Font shape `OT1/ptm/bx/it' in size <10> not available
(Font)              Font shape `OT1/ptm/b/it' tried instead on input line 731.
LaTeX Font Info:    Font shape `OT1/ptm/bx/n' in size <11> not available
(Font)              Font shape `OT1/ptm/b/n' tried instead on input line 731.
LaTeX Font Info:    Font shape `OT1/ptm/bx/it' in size <11> not available
(Font)              Font shape `OT1/ptm/b/it' tried instead on input line 731.
LaTeX Font Info:    Font shape `OT1/ptm/bx/n' in size <12> not available
(Font)              Font shape `OT1/ptm/b/n' tried instead on input line 731.
LaTeX Font Info:    Font shape `OT1/ptm/bx/it' in size <12> not available
(Font)              Font shape `OT1/ptm/b/it' tried instead on input line 731.
LaTeX Font Info:    Font shape `OT1/ptm/bx/n' in size <17> not available
(Font)              Font shape `OT1/ptm/b/n' tried instead on input line 731.
LaTeX Font Info:    Font shape `OT1/ptm/bx/it' in size <17> not available
(Font)              Font shape `OT1/ptm/b/it' tried instead on input line 731.
LaTeX Font Info:    Font shape `OT1/ptm/bx/n' in size <20> not available
(Font)              Font shape `OT1/ptm/b/n' tried instead on input line 731.
LaTeX Font Info:    Font shape `OT1/ptm/bx/it' in size <20> not available
(Font)              Font shape `OT1/ptm/b/it' tried instead on input line 731.
LaTeX Font Info:    Font shape `OT1/ptm/bx/n' in size <24> not available
(Font)              Font shape `OT1/ptm/b/n' tried instead on input line 731.
LaTeX Font Info:    Font shape `OT1/ptm/bx/it' in size <24> not available
(Font)              Font shape `OT1/ptm/b/it' tried instead on input line 731.
\IEEEilabelindentA=\dimen108
\IEEEilabelindentB=\dimen109
\IEEEilabelindent=\dimen110
\IEEEelabelindent=\dimen111
\IEEEdlabelindent=\dimen112
\IEEElabelindent=\dimen113
\IEEEiednormlabelsep=\dimen114
\IEEEiedmathlabelsep=\dimen115
\IEEEiedtopsep=\skip41
\c@section=\count81
\c@subsection=\count82
\c@subsubsection=\count83
\c@paragraph=\count84
\c@IEEEsubequation=\count85
\abovecaptionskip=\skip42
\belowcaptionskip=\skip43
\c@figure=\count86
\c@table=\count87
\@IEEEeqnnumcols=\count88
\@IEEEeqncolcnt=\count89
\@IEEEtmpitemindent=\dimen116
\c@IEEEbiography=\count90
\@IEEEtranrubishbin=\box26
) ("C:\Program Files (x86)\MiKTeX 2.9\tex\generic\babel\babel.sty"
Package: babel 2015/08/03 3.9m The Babel package

("C:\Program Files (x86)\MiKTeX 2.9\tex\generic\babel\switch.def"
File: switch.def 2015/08/03 3.9m Babel switching mechanism
)
*************************************
* Local config file bblopts.cfg used
*
("C:\Program Files (x86)\MiKTeX 2.9\tex\latex\00miktex\bblopts.cfg"
File: bblopts.cfg 2006/07/31 v1.0 MiKTeX 'babel' configuration
)
(C:\Users\vanek2\AppData\Roaming\MiKTeX\2.9\tex\latex\babel-english\english.ldf
Language: english 2012/08/20 v3.3p English support from the babel system
("C:\Program Files (x86)\MiKTeX 2.9\tex\generic\babel\babel.def"
File: babel.def 2015/08/03 3.9m Babel common definitions
\babel@savecnt=\count91
\U@D=\dimen117
)
\l@canadian = a dialect from \language\l@american 
\l@australian = a dialect from \language\l@british 
\l@newzealand = a dialect from \language\l@british 
))
("C:\Program Files (x86)\MiKTeX 2.9\tex\latex\base\inputenc.sty"
Package: inputenc 2015/03/17 v1.2c Input encoding file
\inpenc@prehook=\toks15
\inpenc@posthook=\toks16

("C:\Program Files (x86)\MiKTeX 2.9\tex\latex\base\utf8.def"
File: utf8.def 2015/06/27 v1.1n UTF-8 support for inputenc
Now handling font encoding OML ...
... no UTF-8 mapping file for font encoding OML
Now handling font encoding T1 ...
... processing UTF-8 mapping file for font encoding T1

("C:\Program Files (x86)\MiKTeX 2.9\tex\latex\base\t1enc.dfu"
File: t1enc.dfu 2015/06/27 v1.1n UTF-8 support for inputenc
   defining Unicode char U+00A1 (decimal 161)
   defining Unicode char U+00A3 (decimal 163)
   defining Unicode char U+00AB (decimal 171)
   defining Unicode char U+00BB (decimal 187)
   defining Unicode char U+00BF (decimal 191)
   defining Unicode char U+00C0 (decimal 192)
   defining Unicode char U+00C1 (decimal 193)
   defining Unicode char U+00C2 (decimal 194)
   defining Unicode char U+00C3 (decimal 195)
   defining Unicode char U+00C4 (decimal 196)
   defining Unicode char U+00C5 (decimal 197)
   defining Unicode char U+00C6 (decimal 198)
   defining Unicode char U+00C7 (decimal 199)
   defining Unicode char U+00C8 (decimal 200)
   defining Unicode char U+00C9 (decimal 201)
   defining Unicode char U+00CA (decimal 202)
   defining Unicode char U+00CB (decimal 203)
   defining Unicode char U+00CC (decimal 204)
   defining Unicode char U+00CD (decimal 205)
   defining Unicode char U+00CE (decimal 206)
   defining Unicode char U+00CF (decimal 207)
   defining Unicode char U+00D0 (decimal 208)
   defining Unicode char U+00D1 (decimal 209)
   defining Unicode char U+00D2 (decimal 210)
   defining Unicode char U+00D3 (decimal 211)
   defining Unicode char U+00D4 (decimal 212)
   defining Unicode char U+00D5 (decimal 213)
   defining Unicode char U+00D6 (decimal 214)
   defining Unicode char U+00D8 (decimal 216)
   defining Unicode char U+00D9 (decimal 217)
   defining Unicode char U+00DA (decimal 218)
   defining Unicode char U+00DB (decimal 219)
   defining Unicode char U+00DC (decimal 220)
   defining Unicode char U+00DD (decimal 221)
   defining Unicode char U+00DE (decimal 222)
   defining Unicode char U+00DF (decimal 223)
   defining Unicode char U+00E0 (decimal 224)
   defining Unicode char U+00E1 (decimal 225)
   defining Unicode char U+00E2 (decimal 226)
   defining Unicode char U+00E3 (decimal 227)
   defining Unicode char U+00E4 (decimal 228)
   defining Unicode char U+00E5 (decimal 229)
   defining Unicode char U+00E6 (decimal 230)
   defining Unicode char U+00E7 (decimal 231)
   defining Unicode char U+00E8 (decimal 232)
   defining Unicode char U+00E9 (decimal 233)
   defining Unicode char U+00EA (decimal 234)
   defining Unicode char U+00EB (decimal 235)
   defining Unicode char U+00EC (decimal 236)
   defining Unicode char U+00ED (decimal 237)
   defining Unicode char U+00EE (decimal 238)
   defining Unicode char U+00EF (decimal 239)
   defining Unicode char U+00F0 (decimal 240)
   defining Unicode char U+00F1 (decimal 241)
   defining Unicode char U+00F2 (decimal 242)
   defining Unicode char U+00F3 (decimal 243)
   defining Unicode char U+00F4 (decimal 244)
   defining Unicode char U+00F5 (decimal 245)
   defining Unicode char U+00F6 (decimal 246)
   defining Unicode char U+00F8 (decimal 248)
   defining Unicode char U+00F9 (decimal 249)
   defining Unicode char U+00FA (decimal 250)
   defining Unicode char U+00FB (decimal 251)
   defining Unicode char U+00FC (decimal 252)
   defining Unicode char U+00FD (decimal 253)
   defining Unicode char U+00FE (decimal 254)
   defining Unicode char U+00FF (decimal 255)
   defining Unicode char U+0102 (decimal 258)
   defining Unicode char U+0103 (decimal 259)
   defining Unicode char U+0104 (decimal 260)
   defining Unicode char U+0105 (decimal 261)
   defining Unicode char U+0106 (decimal 262)
   defining Unicode char U+0107 (decimal 263)
   defining Unicode char U+010C (decimal 268)
   defining Unicode char U+010D (decimal 269)
   defining Unicode char U+010E (decimal 270)
   defining Unicode char U+010F (decimal 271)
   defining Unicode char U+0110 (decimal 272)
   defining Unicode char U+0111 (decimal 273)
   defining Unicode char U+0118 (decimal 280)
   defining Unicode char U+0119 (decimal 281)
   defining Unicode char U+011A (decimal 282)
   defining Unicode char U+011B (decimal 283)
   defining Unicode char U+011E (decimal 286)
   defining Unicode char U+011F (decimal 287)
   defining Unicode char U+0130 (decimal 304)
   defining Unicode char U+0131 (decimal 305)
   defining Unicode char U+0132 (decimal 306)
   defining Unicode char U+0133 (decimal 307)
   defining Unicode char U+0139 (decimal 313)
   defining Unicode char U+013A (decimal 314)
   defining Unicode char U+013D (decimal 317)
   defining Unicode char U+013E (decimal 318)
   defining Unicode char U+0141 (decimal 321)
   defining Unicode char U+0142 (decimal 322)
   defining Unicode char U+0143 (decimal 323)
   defining Unicode char U+0144 (decimal 324)
   defining Unicode char U+0147 (decimal 327)
   defining Unicode char U+0148 (decimal 328)
   defining Unicode char U+014A (decimal 330)
   defining Unicode char U+014B (decimal 331)
   defining Unicode char U+0150 (decimal 336)
   defining Unicode char U+0151 (decimal 337)
   defining Unicode char U+0152 (decimal 338)
   defining Unicode char U+0153 (decimal 339)
   defining Unicode char U+0154 (decimal 340)
   defining Unicode char U+0155 (decimal 341)
   defining Unicode char U+0158 (decimal 344)
   defining Unicode char U+0159 (decimal 345)
   defining Unicode char U+015A (decimal 346)
   defining Unicode char U+015B (decimal 347)
   defining Unicode char U+015E (decimal 350)
   defining Unicode char U+015F (decimal 351)
   defining Unicode char U+0160 (decimal 352)
   defining Unicode char U+0161 (decimal 353)
   defining Unicode char U+0162 (decimal 354)
   defining Unicode char U+0163 (decimal 355)
   defining Unicode char U+0164 (decimal 356)
   defining Unicode char U+0165 (decimal 357)
   defining Unicode char U+016E (decimal 366)
   defining Unicode char U+016F (decimal 367)
   defining Unicode char U+0170 (decimal 368)
   defining Unicode char U+0171 (decimal 369)
   defining Unicode char U+0178 (decimal 376)
   defining Unicode char U+0179 (decimal 377)
   defining Unicode char U+017A (decimal 378)
   defining Unicode char U+017B (decimal 379)
   defining Unicode char U+017C (decimal 380)
   defining Unicode char U+017D (decimal 381)
   defining Unicode char U+017E (decimal 382)
   defining Unicode char U+200C (decimal 8204)
   defining Unicode char U+2013 (decimal 8211)
   defining Unicode char U+2014 (decimal 8212)
   defining Unicode char U+2018 (decimal 8216)
   defining Unicode char U+2019 (decimal 8217)
   defining Unicode char U+201A (decimal 8218)
   defining Unicode char U+201C (decimal 8220)
   defining Unicode char U+201D (decimal 8221)
   defining Unicode char U+201E (decimal 8222)
   defining Unicode char U+2030 (decimal 8240)
   defining Unicode char U+2031 (decimal 8241)
   defining Unicode char U+2039 (decimal 8249)
   defining Unicode char U+203A (decimal 8250)
   defining Unicode char U+2423 (decimal 9251)
)
Now handling font encoding OT1 ...
... processing UTF-8 mapping file for font encoding OT1

("C:\Program Files (x86)\MiKTeX 2.9\tex\latex\base\ot1enc.dfu"
File: ot1enc.dfu 2015/06/27 v1.1n UTF-8 support for inputenc
   defining Unicode char U+00A1 (decimal 161)
   defining Unicode char U+00A3 (decimal 163)
   defining Unicode char U+00B8 (decimal 184)
   defining Unicode char U+00BF (decimal 191)
   defining Unicode char U+00C5 (decimal 197)
   defining Unicode char U+00C6 (decimal 198)
   defining Unicode char U+00D8 (decimal 216)
   defining Unicode char U+00DF (decimal 223)
   defining Unicode char U+00E6 (decimal 230)
   defining Unicode char U+00EC (decimal 236)
   defining Unicode char U+00ED (decimal 237)
   defining Unicode char U+00EE (decimal 238)
   defining Unicode char U+00EF (decimal 239)
   defining Unicode char U+00F8 (decimal 248)
   defining Unicode char U+0131 (decimal 305)
   defining Unicode char U+0141 (decimal 321)
   defining Unicode char U+0142 (decimal 322)
   defining Unicode char U+0152 (decimal 338)
   defining Unicode char U+0153 (decimal 339)
   defining Unicode char U+2013 (decimal 8211)
   defining Unicode char U+2014 (decimal 8212)
   defining Unicode char U+2018 (decimal 8216)
   defining Unicode char U+2019 (decimal 8217)
   defining Unicode char U+201C (decimal 8220)
   defining Unicode char U+201D (decimal 8221)
)
Now handling font encoding OMS ...
... processing UTF-8 mapping file for font encoding OMS

("C:\Program Files (x86)\MiKTeX 2.9\tex\latex\base\omsenc.dfu"
File: omsenc.dfu 2015/06/27 v1.1n UTF-8 support for inputenc
   defining Unicode char U+00A7 (decimal 167)
   defining Unicode char U+00B6 (decimal 182)
   defining Unicode char U+00B7 (decimal 183)
   defining Unicode char U+2020 (decimal 8224)
   defining Unicode char U+2021 (decimal 8225)
   defining Unicode char U+2022 (decimal 8226)
)
Now handling font encoding OMX ...
... no UTF-8 mapping file for font encoding OMX
Now handling font encoding U ...
... no UTF-8 mapping file for font encoding U
   defining Unicode char U+00A9 (decimal 169)
   defining Unicode char U+00AA (decimal 170)
   defining Unicode char U+00AE (decimal 174)
   defining Unicode char U+00BA (decimal 186)
   defining Unicode char U+02C6 (decimal 710)
   defining Unicode char U+02DC (decimal 732)
   defining Unicode char U+200C (decimal 8204)
   defining Unicode char U+2026 (decimal 8230)
   defining Unicode char U+2122 (decimal 8482)
   defining Unicode char U+2423 (decimal 9251)
))
("C:\Program Files (x86)\MiKTeX 2.9\tex\latex\graphics\graphicx.sty"
Package: graphicx 2014/10/28 v1.0g Enhanced LaTeX Graphics (DPC,SPQR)

("C:\Program Files (x86)\MiKTeX 2.9\tex\latex\graphics\keyval.sty"
Package: keyval 2014/10/28 v1.15 key=value parser (DPC)
\KV@toks@=\toks17
)
("C:\Program Files (x86)\MiKTeX 2.9\tex\latex\graphics\graphics.sty"
Package: graphics 2014/10/28 v1.0p Standard LaTeX Graphics (DPC,SPQR)

("C:\Program Files (x86)\MiKTeX 2.9\tex\latex\graphics\trig.sty"
Package: trig 1999/03/16 v1.09 sin cos tan (DPC)
)
("C:\Program Files (x86)\MiKTeX 2.9\tex\latex\00miktex\graphics.cfg"
File: graphics.cfg 2007/01/18 v1.5 graphics configuration of teTeX/TeXLive
)
Package graphics Info: Driver file: pdftex.def on input line 94.

("C:\Program Files (x86)\MiKTeX 2.9\tex\latex\pdftex-def\pdftex.def"
File: pdftex.def 2011/05/27 v0.06d Graphics/color for pdfTeX

("C:\Program Files (x86)\MiKTeX 2.9\tex\generic\oberdiek\infwarerr.sty"
Package: infwarerr 2010/04/08 v1.3 Providing info/warning/error messages (HO)
)
("C:\Program Files (x86)\MiKTeX 2.9\tex\generic\oberdiek\ltxcmds.sty"
Package: ltxcmds 2011/11/09 v1.22 LaTeX kernel commands for general use (HO)
)
\Gread@gobject=\count92
))
\Gin@req@height=\dimen118
\Gin@req@width=\dimen119
)
(C:\Users\vanek2\AppData\Roaming\MiKTeX\2.9\tex\latex\mdwtools\footnote.sty
Package: footnote 1997/01/28 1.13 Save footnotes around boxes
\fn@notes=\box27
\fn@width=\dimen120
)
("C:\Program Files (x86)\MiKTeX 2.9\tex\latex\base\fixltx2e.sty"
Package: fixltx2e 2015/06/22 v2.0b fixes to LaTeX (obsolete)


Package fixltx2e Warning: fixltx2e is not required with releases after 2015
(fixltx2e)                All fixes are now in the LaTeX kernel.
(fixltx2e)                See the latexrelease package for details.

) (bare_conf.aux

LaTeX Warning: Label `incf_mission' multiply defined.


LaTeX Warning: Label `Milham2012' multiply defined.


LaTeX Warning: Label `Poldrack2012' multiply defined.

)
LaTeX Font Info:    Checking defaults for OML/cmm/m/it on input line 351.
LaTeX Font Info:    ... okay on input line 351.
LaTeX Font Info:    Checking defaults for T1/cmr/m/n on input line 351.
LaTeX Font Info:    ... okay on input line 351.
LaTeX Font Info:    Checking defaults for OT1/cmr/m/n on input line 351.
LaTeX Font Info:    ... okay on input line 351.
LaTeX Font Info:    Checking defaults for OMS/cmsy/m/n on input line 351.
LaTeX Font Info:    ... okay on input line 351.
LaTeX Font Info:    Checking defaults for OMX/cmex/m/n on input line 351.
LaTeX Font Info:    ... okay on input line 351.
LaTeX Font Info:    Checking defaults for U/cmr/m/n on input line 351.
LaTeX Font Info:    ... okay on input line 351.
 (C:\Users\vanek2\AppData\Roaming\MiKTeX\2.9\tex\context\base\supp-pdf.mkii
[Loading MPS to PDF converter (version 2006.09.02).]
\scratchcounter=\count93
\scratchdimen=\dimen121
\scratchbox=\box28
\nofMPsegments=\count94
\nofMParguments=\count95
\everyMPshowfont=\toks18
\MPscratchCnt=\count96
\MPscratchDim=\dimen122
\MPnumerator=\count97
\makeMPintoPDFobject=\count98
\everyMPtoPDFconversion=\toks19
)
Underfull \hbox (badness 10000) in paragraph at lines 519--520
[]\OT1/ptm/m/n/10 International Neu-roin-for-mat-ics Co-or-di-nat-ing Fa-cil-it
y
 []

LaTeX Font Info:    External font `cmex10' loaded for size
(Font)              <7> on input line 527.
LaTeX Font Info:    External font `cmex10' loaded for size
(Font)              <5> on input line 527.
[1{C:/Users/vanek2/AppData/Local/MiKTeX/2.9/pdftex/config/pdftex.map}


]
<obrazky/NIX_scheme.png, id=10, 574.39594pt x 398.23781pt>
File: obrazky/NIX_scheme.png Graphic file (type png)

<use obrazky/NIX_scheme.png>
Package pdftex.def Info: obrazky/NIX_scheme.png used on input line 557.
(pdftex.def)             Requested size: 516.95155pt x 358.4107pt.


LaTeX Warning: `h' float specifier changed to `ht'.

<obrazky/odml_tree.pdf, id=11, 845.1575pt x 597.45204pt>
File: obrazky/odml_tree.pdf Graphic file (type pdf)

<use obrazky/odml_tree.pdf>
Package pdftex.def Info: obrazky/odml_tree.pdf used on input line 605.
(pdftex.def)             Requested size: 253.54921pt x 179.23698pt.
 [2]
<obrazky/data.pdf, id=15, 391.4625pt x 461.725pt>
File: obrazky/data.pdf Graphic file (type pdf)
 <use obrazky/data.pdf>
Package pdftex.def Info: obrazky/data.pdf used on input line 623.
(pdftex.def)             Requested size: 199.64322pt x 235.47664pt.

[3 <./obrazky/NIX_scheme.png> <./obrazky/odml_tree.pdf, page is rotated 90 degr
ees>]
LaTeX Font Info:    External font `cmex10' loaded for size
(Font)              <8> on input line 646.
LaTeX Font Info:    External font `cmex10' loaded for size
(Font)              <6> on input line 646.

Underfull \hbox (badness 4819) in paragraph at lines 672--673
[]\OT1/ptm/m/n/7 Highest archived ed-u-ca-tion
 []

<obrazky/use_case_location.pdf, id=25, 465.84038pt x 395.13623pt>
File: obrazky/use_case_location.pdf Graphic file (type pdf)

<use obrazky/use_case_location.pdf>
Package pdftex.def Info: obrazky/use_case_location.pdf used on input line 718.
(pdftex.def)             Requested size: 232.91962pt x 197.56763pt.
 [4 <./obrazky/data.pdf>]
<obrazky/use_case_data.pdf, id=33, 478.00583pt x 400.39587pt>
File: obrazky/use_case_data.pdf Graphic file (type pdf)

<use obrazky/use_case_data.pdf>
Package pdftex.def Info: obrazky/use_case_data.pdf used on input line 733.
(pdftex.def)             Requested size: 239.00232pt x 200.19745pt.
 [5 <./obrazky/use_case_location.pdf> <./obrazky/use_case_data.pdf>]
LaTeX Font Info:    Try loading font information for OT1+pcr on input line 865.


("C:\Program Files (x86)\MiKTeX 2.9\tex\latex\psnfss\ot1pcr.fd"
File: ot1pcr.fd 2001/06/04 font definitions for OT1/pcr.
)
Underfull \hbox (badness 10000) in paragraph at lines 862--868
[]\OT1/ptm/m/sc/8 Poldrack\OT1/ptm/m/n/8 , R. A.  The fu-ture of fMRI in cog-ni
-tive
 []


Underfull \hbox (badness 5245) in paragraph at lines 862--868
\OT1/ptm/m/n/8 neu-ro-science.  \OT1/ptm/m/it/8 Neu-roIm-age\OT1/ptm/m/n/8 . au
g 2012, 62, 2, s. 1216--1220.
 []


Underfull \hbox (badness 10000) in paragraph at lines 862--868
\OT1/pcr/m/n/8 10.1016/j.neuroimage.2011.08.007\OT1/ptm/m/n/8 .  Avail-able fro
m:
 []


Overfull \hbox (6.27823pt too wide) in paragraph at lines 862--868
$[]$\OT1/ptm/m/n/8 . 
 []


Underfull \hbox (badness 6016) in paragraph at lines 870--876
\OT1/ptm/m/n/8 wide As-so-ci-a-tion Era.  \OT1/ptm/m/it/8 Neu-ron\OT1/ptm/m/n/8
 . jan 2012, 73, 2, s. 214--
 []


Underfull \hbox (badness 2828) in paragraph at lines 870--876
\OT1/ptm/m/n/8 218.  \OT1/pcr/m/n/8 10.1016/j.neuron.2011.11.004\OT1/ptm/m/n/8 
.  Avail-able from:
 []


Underfull \hbox (badness 10000) in paragraph at lines 878--884
[]\OT1/ptm/m/sc/8 Poline\OT1/ptm/m/n/8 , J.-B. et al.  Data shar-ing in neu-roi
mag-
 []


Underfull \hbox (badness 10000) in paragraph at lines 878--884
\OT1/ptm/m/n/8 ing re-search.  \OT1/ptm/m/it/8 Fron-tiers in Neu-roin-for-mat-i
cs\OT1/ptm/m/n/8 . 2012,
 []


Underfull \hbox (badness 10000) in paragraph at lines 878--884
\OT1/ptm/m/n/8 6.  \OT1/pcr/m/n/8 10.3389/fninf.2012.00009\OT1/ptm/m/n/8 .  Ava
il-able from:
 []


Overfull \hbox (6.27823pt too wide) in paragraph at lines 886--893
$[]$\OT1/ptm/m/n/8 . 
 []


Underfull \hbox (badness 10000) in paragraph at lines 919--926
[]\OT1/ptm/m/sc/8 Benda\OT1/ptm/m/n/8 , J.  From record-ing to shar-ing of data
 - em-
 []


Underfull \hbox (badness 10000) in paragraph at lines 919--926
\OT1/ptm/m/n/8 bed-ding meta-data han-dling into the lab-o-ra-tory work-flow
 []


Underfull \hbox (badness 10000) in paragraph at lines 919--926
\OT1/ptm/m/n/8 us-ing odML.  \OT1/ptm/m/it/8 Fron-tiers in Neu-roin-for-mat-ics
\OT1/ptm/m/n/8 . 2011, 5.
 []


Underfull \hbox (badness 10000) in paragraph at lines 919--926
\OT1/pcr/m/n/8 10.3389/conf.fninf.2011.08.00100\OT1/ptm/m/n/8 .  Avail-able fro
m:
 []


Overfull \hbox (6.27823pt too wide) in paragraph at lines 919--926
$[]$\OT1/ptm/m/n/8 . 
 []


Underfull \hbox (badness 10000) in paragraph at lines 933--936
[]\OT1/ptm/m/it/8 Brain Prod-ucts GmbH \OT1/ptm/m/n/8 [on-line]. 2014. [cit. 03
.07.2014].
 []


Underfull \hbox (badness 10000) in paragraph at lines 933--936
\OT1/ptm/m/n/8 Brain Prod-ucts GmbH.  Avail-able from:
 []


Underfull \hbox (badness 1577) in paragraph at lines 940--946
\OT1/ptm/m/n/8 1, s. S7.  \OT1/pcr/m/n/8 10.1186/2041-1480-1-s1-s7\OT1/ptm/m/n/
8 .  Avail-able from:
 []


Overfull \hbox (6.27823pt too wide) in paragraph at lines 950--957
$[]$\OT1/ptm/m/n/8 . 
 []


Underfull \hbox (badness 10000) in paragraph at lines 973--975
[]\OT1/ptm/m/it/8 INCF \OT1/ptm/m/n/8 [on-line]. 2015. [cit. 4.3.2015].  Avail-
able from:
 []


Underfull \hbox (badness 10000) in paragraph at lines 977--988
[]\OT1/ptm/m/it/8 INCF \OT1/ptm/m/n/8 [on-line]. 2015. [cit. 4.3.2015].  Avail-
able from:
 []


Underfull \hbox (badness 10000) in paragraph at lines 977--988
$[]$
 []


Underfull \hbox (badness 2521) in paragraph at lines 992--999
\OT1/ptm/m/n/8 an EDF alike stan-dard for-mat for the ex-change of phys-i-o-log
-i-
 []


Underfull \hbox (badness 6016) in paragraph at lines 1004--1010
\OT1/ptm/m/n/8 wide As-so-ci-a-tion Era.  \OT1/ptm/m/it/8 Neu-ron\OT1/ptm/m/n/8
 . jan 2012, 73, 2, s. 214--
 []


Underfull \hbox (badness 2828) in paragraph at lines 1004--1010
\OT1/ptm/m/n/8 218.  \OT1/pcr/m/n/8 10.1016/j.neuron.2011.11.004\OT1/ptm/m/n/8 
.  Avail-able from:
 []


Underfull \hbox (badness 10000) in paragraph at lines 1012--1014
[]\OT1/ptm/m/it/8 Neo \OT1/ptm/m/n/8 [on-line]. 2014. [cit. 03.07.2014].  Avail
-able from:
 []


Underfull \hbox (badness 10000) in paragraph at lines 1020--1023
[]\OT1/ptm/m/it/8 NeXus For-mat \OT1/ptm/m/n/8 [on-line]. 2014. [cit. 03.07.201
4]. NeXus
 []


Underfull \hbox (badness 10000) in paragraph at lines 1020--1023
\OT1/ptm/m/n/8 In-ter-na-tional Ad-vi-sory Com-mit-tee.  Avail-able from:
 []


Underfull \hbox (badness 10000) in paragraph at lines 1028--1034
[]\OT1/ptm/m/sc/8 Poldrack\OT1/ptm/m/n/8 , R. A.  The fu-ture of fMRI in cog-ni
-tive
 []


Underfull \hbox (badness 5245) in paragraph at lines 1028--1034
\OT1/ptm/m/n/8 neu-ro-science.  \OT1/ptm/m/it/8 Neu-roIm-age\OT1/ptm/m/n/8 . au
g 2012, 62, 2, s. 1216--1220.
 []


Underfull \hbox (badness 10000) in paragraph at lines 1028--1034
\OT1/pcr/m/n/8 10.1016/j.neuroimage.2011.08.007\OT1/ptm/m/n/8 .  Avail-able fro
m:
 []


Overfull \hbox (6.27823pt too wide) in paragraph at lines 1028--1034
$[]$\OT1/ptm/m/n/8 . 
 []


Underfull \hbox (badness 1502) in paragraph at lines 1047--1050
[]\OT1/ptm/m/it/8 The Open Bi-o-log-i-cal and Biomed-i-cal On-tolo-gies \OT1/pt
m/m/n/8 [on-line]. 2015.
 []


** Conference Paper **
Before submitting the final camera ready copy, remember to:

 1. Manually equalize the lengths of two columns on the last page
 of your paper;

 2. Ensure that any PostScript and/or PDF output post-processing
 uses only Type 1 fonts and that every step in the generation
 process uses the appropriate paper size.

[6] (bare_conf.aux)

LaTeX Warning: There were multiply-defined labels.

 ) 
Here is how much of TeX's memory you used:
 2600 strings out of 493675
 38190 string characters out of 3141562
 113695 words of memory out of 3000000
 5922 multiletter control sequences out of 15000+200000
 44160 words of font info for 79 fonts, out of 3000000 for 9000
 1028 hyphenation exceptions out of 8191
 27i,18n,23p,1269b,365s stack positions out of 5000i,500n,10000p,200000b,50000s
{C:/Program Files (x86)/MiKTeX 2.9/fonts/enc/dvips/fontname/8r.enc}<C:/Progra
m Files (x86)/MiKTeX 2.9/fonts/type1/public/amsfonts/cm/cmsy10.pfb><C:/Program 
Files (x86)/MiKTeX 2.9/fonts/type1/urw/courier/ucrr8a.pfb><C:/Program Files (x8
6)/MiKTeX 2.9/fonts/type1/urw/times/utmb8a.pfb><C:/Program Files (x86)/MiKTeX 2
.9/fonts/type1/urw/times/utmbi8a.pfb><C:/Program Files (x86)/MiKTeX 2.9/fonts/t
ype1/urw/times/utmr8a.pfb><C:/Program Files (x86)/MiKTeX 2.9/fonts/type1/urw/ti
mes/utmri8a.pfb>
Output written on bare_conf.pdf (6 pages, 582309 bytes).
PDF statistics:
 73 PDF objects out of 1000 (max. 8388607)
 0 named destinations out of 1000 (max. 500000)
 26 words of extra memory for PDF output out of 10000 (max. 10000000)

